Using pre-set license
Built from '2020.2/release' branch; Version is '2020.2.1f1 (270dd8c3da1c) revision 2559448'; Using compiler version '192528614'; Build Type 'Release'
OS: 'Windows 10  (10.0.0) 64bit' Language: 'ru' Physical Memory: 7549 MB
BatchMode: 1, IsHumanControllingUs: 0, StartBugReporterOnCrash: 0, Is64bit: 1, IsPro: 0

 COMMAND LINE ARGUMENTS:
C:\Program Files\Unity\Hub\Editor\2020.2.1f1\Editor\Unity.exe
-adb2
-batchMode
-noUpm
-name
AssetImportWorker0
-projectPath
C:/UnityProjects/zombies attack
-logFile
Logs/AssetImportWorker0.log
-srvPort
52695
Successfully changed project path to: C:/UnityProjects/zombies attack
C:/UnityProjects/zombies attack
Using Asset Import Pipeline V2.
Refreshing native plugins compatible for Editor in 104.51 ms, found 1 plugins.
Preloading 0 native plugins for Editor in 0.00 ms.
Initialize engine version: 2020.2.1f1 (270dd8c3da1c)
[Subsystems] Discovering subsystems at path C:/Program Files/Unity/Hub/Editor/2020.2.1f1/Editor/Data/Resources/UnitySubsystems
[Subsystems] Discovering subsystems at path C:/UnityProjects/zombies attack/Assets
GfxDevice: creating device client; threaded=0
Direct3D:
    Version:  Direct3D 11.0 [level 11.1]
    Renderer: NVIDIA GeForce GTX 1650 Ti (ID=0x1f95)
    Vendor:   
    VRAM:     3962 MB
    Driver:   27.21.14.5167
Initialize mono
Mono path[0] = 'C:/Program Files/Unity/Hub/Editor/2020.2.1f1/Editor/Data/Managed'
Mono path[1] = 'C:/Program Files/Unity/Hub/Editor/2020.2.1f1/Editor/Data/MonoBleedingEdge/lib/mono/unityjit'
Mono config path = 'C:/Program Files/Unity/Hub/Editor/2020.2.1f1/Editor/Data/MonoBleedingEdge/etc'
Using monoOptions --debugger-agent=transport=dt_socket,embedding=1,server=y,suspend=n,address=127.0.0.1:56036
Begin MonoManager ReloadAssembly
Registering precompiled unity dll's ...
Register platform support module: C:/Program Files/Unity/Hub/Editor/2020.2.1f1/Editor/Data/PlaybackEngines/WindowsStandaloneSupport/UnityEditor.WindowsStandalone.Extensions.dll
Registered in 0.117220 seconds.
Native extension for WindowsStandalone target not found
Refreshing native plugins compatible for Editor in 37.34 ms, found 1 plugins.
Preloading 0 native plugins for Editor in 0.00 ms.
Invoked RoslynAnalysisRunner static constructor.
RoslynAnalysisRunner will not be running.
RoslynAnalysisRunner has terminated.
Mono: successfully reloaded assembly
- Completed reload, in  7.472 seconds
Platform modules already initialized, skipping
Registering precompiled user dll's ...
Registered in 0.040817 seconds.
Begin MonoManager ReloadAssembly
Native extension for WindowsStandalone target not found
Refreshing native plugins compatible for Editor in 39.78 ms, found 1 plugins.
Preloading 0 native plugins for Editor in 0.00 ms.
Invoked RoslynAnalysisRunner static constructor.
RoslynAnalysisRunner will not be running.
RoslynAnalysisRunner has terminated.
Mono: successfully reloaded assembly
- Completed reload, in  2.896 seconds
Platform modules already initialized, skipping
========================================================================
Worker process is ready to serve import requests
Launched and connected shader compiler UnityShaderCompiler.exe after 0.06 seconds
Refreshing native plugins compatible for Editor in 0.35 ms, found 1 plugins.
Preloading 0 native plugins for Editor in 0.00 ms.
Unloading 1806 Unused Serialized files (Serialized files now loaded: 0)
System memory in use before: 84.1 MB.
System memory in use after: 84.0 MB.

Unloading 24 unused Assets to reduce memory usage. Loaded Objects now: 2245.
Total: 2.698900 ms (FindLiveObjects: 0.298100 ms CreateObjectMapping: 0.082100 ms MarkObjects: 2.209800 ms  DeleteObjects: 0.106500 ms)

========================================================================
Received Import Request.
  path: Assets/Scripts/ZombieController.cs
  artifactKey: Guid(c1f7aa6a445f9a34ab6067da798208da) Importer(815301076,1909f56bfc062723c751e8b465ee728b)
Start importing Assets/Scripts/ZombieController.cs using Guid(c1f7aa6a445f9a34ab6067da798208da) Importer(815301076,1909f56bfc062723c751e8b465ee728b)  -> (artifact id: 'e76597e574d1da065e7e02e6fbeb179e') in 0.033991 seconds
  Import took 0.039024 seconds .

========================================================================
Received Import Request.
  Time since last request: 0.267059 seconds.
  path: Assets/Scripts/ZombieController.cs
  artifactKey: Guid(c1f7aa6a445f9a34ab6067da798208da) Importer(815301076,1909f56bfc062723c751e8b465ee728b)
Start importing Assets/Scripts/ZombieController.cs using Guid(c1f7aa6a445f9a34ab6067da798208da) Importer(815301076,1909f56bfc062723c751e8b465ee728b)  -> (artifact id: '1512f268e4a02d1713febdc536a94fe2') in 0.003361 seconds
  Import took 0.008163 seconds .

========================================================================
Received Import Request.
  Time since last request: 0.001815 seconds.
  path: Assets/Scripts/ZombieController.cs
  artifactKey: Guid(c1f7aa6a445f9a34ab6067da798208da) Importer(815301076,1909f56bfc062723c751e8b465ee728b)
Start importing Assets/Scripts/ZombieController.cs using Guid(c1f7aa6a445f9a34ab6067da798208da) Importer(815301076,1909f56bfc062723c751e8b465ee728b)  -> (artifact id: '1512f268e4a02d1713febdc536a94fe2') in 0.004851 seconds
  Import took 0.009394 seconds .

========================================================================
Received Import Request.
  Time since last request: 219.335446 seconds.
  path: Assets/Scripts/ZombieController.cs
  artifactKey: Guid(c1f7aa6a445f9a34ab6067da798208da) Importer(815301076,1909f56bfc062723c751e8b465ee728b)
Start importing Assets/Scripts/ZombieController.cs using Guid(c1f7aa6a445f9a34ab6067da798208da) Importer(815301076,1909f56bfc062723c751e8b465ee728b)  -> (artifact id: 'b0bc8096320b1f60fa605a679bf58678') in 0.004059 seconds
  Import took 0.008666 seconds .

========================================================================
Received Import Request.
  Time since last request: 0.003789 seconds.
  path: Assets/Scripts/ZombieController.cs
  artifactKey: Guid(c1f7aa6a445f9a34ab6067da798208da) Importer(815301076,1909f56bfc062723c751e8b465ee728b)
Start importing Assets/Scripts/ZombieController.cs using Guid(c1f7aa6a445f9a34ab6067da798208da) Importer(815301076,1909f56bfc062723c751e8b465ee728b)  -> (artifact id: 'b0bc8096320b1f60fa605a679bf58678') in 0.005261 seconds
  Import took 0.009033 seconds .

========================================================================
Received Import Request.
  Time since last request: 7.354316 seconds.
  path: Assets/Scripts/ZombieController.cs
  artifactKey: Guid(c1f7aa6a445f9a34ab6067da798208da) Importer(815301076,1909f56bfc062723c751e8b465ee728b)
Start importing Assets/Scripts/ZombieController.cs using Guid(c1f7aa6a445f9a34ab6067da798208da) Importer(815301076,1909f56bfc062723c751e8b465ee728b)  -> (artifact id: 'd92392040be3e189235e3fb53bc7fb91') in 0.006112 seconds
  Import took 0.011193 seconds .

========================================================================
Received Import Request.
  Time since last request: 0.001015 seconds.
  path: Assets/Scripts/ZombieController.cs
  artifactKey: Guid(c1f7aa6a445f9a34ab6067da798208da) Importer(815301076,1909f56bfc062723c751e8b465ee728b)
Start importing Assets/Scripts/ZombieController.cs using Guid(c1f7aa6a445f9a34ab6067da798208da) Importer(815301076,1909f56bfc062723c751e8b465ee728b)  -> (artifact id: 'd92392040be3e189235e3fb53bc7fb91') in 0.005644 seconds
  Import took 0.009881 seconds .

========================================================================
Received Import Request.
  Time since last request: 2.677810 seconds.
  path: Assets/Scripts/ZombieController.cs
  artifactKey: Guid(c1f7aa6a445f9a34ab6067da798208da) Importer(815301076,1909f56bfc062723c751e8b465ee728b)
Start importing Assets/Scripts/ZombieController.cs using Guid(c1f7aa6a445f9a34ab6067da798208da) Importer(815301076,1909f56bfc062723c751e8b465ee728b)  -> (artifact id: '17a5bfc8b237c22d75ef5cd167b3a3a2') in 0.005258 seconds
  Import took 0.009208 seconds .

========================================================================
Received Import Request.
  Time since last request: 11.931977 seconds.
  path: Assets/Scripts/ZombieController.cs
  artifactKey: Guid(c1f7aa6a445f9a34ab6067da798208da) Importer(815301076,1909f56bfc062723c751e8b465ee728b)
Start importing Assets/Scripts/ZombieController.cs using Guid(c1f7aa6a445f9a34ab6067da798208da) Importer(815301076,1909f56bfc062723c751e8b465ee728b)  -> (artifact id: '646a1b06f1e09ab8c8c78d6972380d2e') in 0.005613 seconds
  Import took 0.009876 seconds .

========================================================================
Received Import Request.
  Time since last request: 0.003333 seconds.
  path: Assets/Scripts/ZombieController.cs
  artifactKey: Guid(c1f7aa6a445f9a34ab6067da798208da) Importer(815301076,1909f56bfc062723c751e8b465ee728b)
Start importing Assets/Scripts/ZombieController.cs using Guid(c1f7aa6a445f9a34ab6067da798208da) Importer(815301076,1909f56bfc062723c751e8b465ee728b)  -> (artifact id: '646a1b06f1e09ab8c8c78d6972380d2e') in 0.004892 seconds
  Import took 0.008186 seconds .

========================================================================
Received Import Request.
  Time since last request: 5.364875 seconds.
  path: Assets/Scripts/ZombieController.cs
  artifactKey: Guid(c1f7aa6a445f9a34ab6067da798208da) Importer(815301076,1909f56bfc062723c751e8b465ee728b)
Start importing Assets/Scripts/ZombieController.cs using Guid(c1f7aa6a445f9a34ab6067da798208da) Importer(815301076,1909f56bfc062723c751e8b465ee728b)  -> (artifact id: 'c2bc43ce954f839f4b673f7f5ca35da6') in 0.005493 seconds
  Import took 0.009873 seconds .

========================================================================
Received Import Request.
  Time since last request: 3.058370 seconds.
  path: Assets/Scripts/ZombieController.cs
  artifactKey: Guid(c1f7aa6a445f9a34ab6067da798208da) Importer(815301076,1909f56bfc062723c751e8b465ee728b)
Start importing Assets/Scripts/ZombieController.cs using Guid(c1f7aa6a445f9a34ab6067da798208da) Importer(815301076,1909f56bfc062723c751e8b465ee728b)  -> (artifact id: '13c4353b558f7e8151748a4641dd3eb9') in 0.003103 seconds
  Import took 0.007720 seconds .

========================================================================
Received Import Request.
  Time since last request: 1.154226 seconds.
  path: Assets/Scripts/ZombieController.cs
  artifactKey: Guid(c1f7aa6a445f9a34ab6067da798208da) Importer(815301076,1909f56bfc062723c751e8b465ee728b)
Start importing Assets/Scripts/ZombieController.cs using Guid(c1f7aa6a445f9a34ab6067da798208da) Importer(815301076,1909f56bfc062723c751e8b465ee728b)  -> (artifact id: 'afa68969f3b9cead9067c170a9551788') in 0.003233 seconds
  Import took 0.007095 seconds .

========================================================================
Received Import Request.
  Time since last request: 0.001670 seconds.
  path: Assets/Scripts/ZombieController.cs
  artifactKey: Guid(c1f7aa6a445f9a34ab6067da798208da) Importer(815301076,1909f56bfc062723c751e8b465ee728b)
Start importing Assets/Scripts/ZombieController.cs using Guid(c1f7aa6a445f9a34ab6067da798208da) Importer(815301076,1909f56bfc062723c751e8b465ee728b)  -> (artifact id: 'afa68969f3b9cead9067c170a9551788') in 0.002640 seconds
  Import took 0.006408 seconds .

========================================================================
Received Import Request.
  Time since last request: 38.934736 seconds.
  path: Assets/Scripts/ZombieController.cs
  artifactKey: Guid(c1f7aa6a445f9a34ab6067da798208da) Importer(815301076,1909f56bfc062723c751e8b465ee728b)
Start importing Assets/Scripts/ZombieController.cs using Guid(c1f7aa6a445f9a34ab6067da798208da) Importer(815301076,1909f56bfc062723c751e8b465ee728b)  -> (artifact id: 'd1d4c978f14ff37e5602d726a55ea77f') in 0.004574 seconds
  Import took 0.008719 seconds .

========================================================================
Received Import Request.
  Time since last request: 26.259372 seconds.
  path: Assets/Scripts/ZombieController.cs
  artifactKey: Guid(c1f7aa6a445f9a34ab6067da798208da) Importer(815301076,1909f56bfc062723c751e8b465ee728b)
Start importing Assets/Scripts/ZombieController.cs using Guid(c1f7aa6a445f9a34ab6067da798208da) Importer(815301076,1909f56bfc062723c751e8b465ee728b)  -> (artifact id: 'b6ae397a54e57eaa6b653fd82814729f') in 0.003933 seconds
  Import took 0.008169 seconds .

========================================================================
Received Import Request.
  Time since last request: 0.000426 seconds.
  path: Assets/Scripts/ZombieController.cs
  artifactKey: Guid(c1f7aa6a445f9a34ab6067da798208da) Importer(815301076,1909f56bfc062723c751e8b465ee728b)
Start importing Assets/Scripts/ZombieController.cs using Guid(c1f7aa6a445f9a34ab6067da798208da) Importer(815301076,1909f56bfc062723c751e8b465ee728b)  -> (artifact id: 'b6ae397a54e57eaa6b653fd82814729f') in 0.003110 seconds
  Import took 0.006575 seconds .

========================================================================
Received Import Request.
  Time since last request: 12.152390 seconds.
  path: Assets/Scripts/ZombieController.cs
  artifactKey: Guid(c1f7aa6a445f9a34ab6067da798208da) Importer(815301076,1909f56bfc062723c751e8b465ee728b)
Start importing Assets/Scripts/ZombieController.cs using Guid(c1f7aa6a445f9a34ab6067da798208da) Importer(815301076,1909f56bfc062723c751e8b465ee728b)  -> (artifact id: '6482dd26443fd8a7bf8530bad8caa5a0') in 0.002982 seconds
  Import took 0.006920 seconds .

========================================================================
Received Import Request.
  Time since last request: 162.544559 seconds.
  path: Assets/Scripts/ZombieController.cs
  artifactKey: Guid(c1f7aa6a445f9a34ab6067da798208da) Importer(815301076,1909f56bfc062723c751e8b465ee728b)
Start importing Assets/Scripts/ZombieController.cs using Guid(c1f7aa6a445f9a34ab6067da798208da) Importer(815301076,1909f56bfc062723c751e8b465ee728b)  -> (artifact id: '3278343c318b81286d954b2d0b00c371') in 0.003139 seconds
  Import took 0.007855 seconds .

========================================================================
Received Import Request.
  Time since last request: 57.395512 seconds.
  path: Assets/Scripts/ZombieController.cs
  artifactKey: Guid(c1f7aa6a445f9a34ab6067da798208da) Importer(815301076,1909f56bfc062723c751e8b465ee728b)
Start importing Assets/Scripts/ZombieController.cs using Guid(c1f7aa6a445f9a34ab6067da798208da) Importer(815301076,1909f56bfc062723c751e8b465ee728b)  -> (artifact id: 'f5ae65a83f2cbf17012c33dd17d3ff16') in 0.003305 seconds
  Import took 0.007231 seconds .

========================================================================
Received Prepare
Registering precompiled user dll's ...
Registered in 0.001811 seconds.
Begin MonoManager ReloadAssembly
Native extension for WindowsStandalone target not found
Refreshing native plugins compatible for Editor in 0.41 ms, found 1 plugins.
Preloading 0 native plugins for Editor in 0.00 ms.
Invoked RoslynAnalysisRunner static constructor.
RoslynAnalysisRunner will not be running.
RoslynAnalysisRunner has terminated.
Mono: successfully reloaded assembly
- Completed reload, in  0.864 seconds
Platform modules already initialized, skipping
Refreshing native plugins compatible for Editor in 0.43 ms, found 1 plugins.
Preloading 0 native plugins for Editor in 0.00 ms.
Unloading 1803 Unused Serialized files (Serialized files now loaded: 0)
System memory in use before: 84.1 MB.
System memory in use after: 84.1 MB.

Unloading 12 unused Assets to reduce memory usage. Loaded Objects now: 2248.
Total: 2.025400 ms (FindLiveObjects: 0.268300 ms CreateObjectMapping: 0.041600 ms MarkObjects: 1.621300 ms  DeleteObjects: 0.092300 ms)

========================================================================
Received Prepare
Registering precompiled user dll's ...
Registered in 0.001061 seconds.
Begin MonoManager ReloadAssembly
Native extension for WindowsStandalone target not found
Refreshing native plugins compatible for Editor in 0.37 ms, found 1 plugins.
Preloading 0 native plugins for Editor in 0.00 ms.
Invoked RoslynAnalysisRunner static constructor.
RoslynAnalysisRunner will not be running.
RoslynAnalysisRunner has terminated.
Mono: successfully reloaded assembly
- Completed reload, in  0.804 seconds
Platform modules already initialized, skipping
Refreshing native plugins compatible for Editor in 0.37 ms, found 1 plugins.
Preloading 0 native plugins for Editor in 0.00 ms.
Unloading 1804 Unused Serialized files (Serialized files now loaded: 0)
System memory in use before: 84.2 MB.
System memory in use after: 84.2 MB.

Unloading 12 unused Assets to reduce memory usage. Loaded Objects now: 2251.
Total: 2.600000 ms (FindLiveObjects: 0.534400 ms CreateObjectMapping: 0.089000 ms MarkObjects: 1.858400 ms  DeleteObjects: 0.115800 ms)

========================================================================
Received Import Request.
  Time since last request: 1082.305439 seconds.
  path: Assets/Scripts/OuterBound.cs
  artifactKey: Guid(f9b81c40cb226bf45bc0e2e34e8091ac) Importer(815301076,1909f56bfc062723c751e8b465ee728b)
Start importing Assets/Scripts/OuterBound.cs using Guid(f9b81c40cb226bf45bc0e2e34e8091ac) Importer(815301076,1909f56bfc062723c751e8b465ee728b)  -> (artifact id: 'e0aef70635b0f0db3aeaaf4b02101dd9') in 0.012652 seconds
  Import took 0.017792 seconds .

========================================================================
Received Prepare
Registering precompiled user dll's ...
Registered in 0.001258 seconds.
Begin MonoManager ReloadAssembly
Native extension for WindowsStandalone target not found
Refreshing native plugins compatible for Editor in 0.36 ms, found 1 plugins.
Preloading 0 native plugins for Editor in 0.00 ms.
Invoked RoslynAnalysisRunner static constructor.
RoslynAnalysisRunner will not be running.
RoslynAnalysisRunner has terminated.
Mono: successfully reloaded assembly
- Completed reload, in  0.829 seconds
Platform modules already initialized, skipping
Refreshing native plugins compatible for Editor in 0.36 ms, found 1 plugins.
Preloading 0 native plugins for Editor in 0.00 ms.
Unloading 1805 Unused Serialized files (Serialized files now loaded: 0)
System memory in use before: 84.3 MB.
System memory in use after: 84.3 MB.

Unloading 12 unused Assets to reduce memory usage. Loaded Objects now: 2255.
Total: 3.952500 ms (FindLiveObjects: 0.672100 ms CreateObjectMapping: 0.313000 ms MarkObjects: 2.825200 ms  DeleteObjects: 0.139600 ms)

========================================================================
Received Prepare
Registering precompiled user dll's ...
Registered in 0.000979 seconds.
Begin MonoManager ReloadAssembly
Native extension for WindowsStandalone target not found
Refreshing native plugins compatible for Editor in 0.37 ms, found 1 plugins.
Preloading 0 native plugins for Editor in 0.00 ms.
Invoked RoslynAnalysisRunner static constructor.
RoslynAnalysisRunner will not be running.
RoslynAnalysisRunner has terminated.
Mono: successfully reloaded assembly
- Completed reload, in  0.829 seconds
Platform modules already initialized, skipping
Refreshing native plugins compatible for Editor in 0.36 ms, found 1 plugins.
Preloading 0 native plugins for Editor in 0.00 ms.
Unloading 1805 Unused Serialized files (Serialized files now loaded: 0)
System memory in use before: 84.4 MB.
System memory in use after: 84.4 MB.

Unloading 12 unused Assets to reduce memory usage. Loaded Objects now: 2258.
Total: 3.208400 ms (FindLiveObjects: 0.423500 ms CreateObjectMapping: 0.176200 ms MarkObjects: 2.503700 ms  DeleteObjects: 0.104100 ms)

========================================================================
Received Import Request.
  Time since last request: 35.109958 seconds.
  path: Assets/Scripts/OuterBound.cs
  artifactKey: Guid(f9b81c40cb226bf45bc0e2e34e8091ac) Importer(815301076,1909f56bfc062723c751e8b465ee728b)
Start importing Assets/Scripts/OuterBound.cs using Guid(f9b81c40cb226bf45bc0e2e34e8091ac) Importer(815301076,1909f56bfc062723c751e8b465ee728b)  -> (artifact id: '42497acc0b07247df313ac7dab692c3b') in 0.005449 seconds
  Import took 0.009837 seconds .

========================================================================
Received Prepare
Registering precompiled user dll's ...
Registered in 0.000994 seconds.
Begin MonoManager ReloadAssembly
Native extension for WindowsStandalone target not found
Refreshing native plugins compatible for Editor in 0.37 ms, found 1 plugins.
Preloading 0 native plugins for Editor in 0.00 ms.
Invoked RoslynAnalysisRunner static constructor.
RoslynAnalysisRunner will not be running.
RoslynAnalysisRunner has terminated.
Mono: successfully reloaded assembly
- Completed reload, in  0.818 seconds
Platform modules already initialized, skipping
Refreshing native plugins compatible for Editor in 0.38 ms, found 1 plugins.
Preloading 0 native plugins for Editor in 0.00 ms.
Unloading 1805 Unused Serialized files (Serialized files now loaded: 0)
System memory in use before: 84.5 MB.
System memory in use after: 84.5 MB.

Unloading 12 unused Assets to reduce memory usage. Loaded Objects now: 2261.
Total: 2.134900 ms (FindLiveObjects: 0.317800 ms CreateObjectMapping: 0.046800 ms MarkObjects: 1.667700 ms  DeleteObjects: 0.101100 ms)

========================================================================
Received Prepare
Registering precompiled user dll's ...
Registered in 0.000996 seconds.
Begin MonoManager ReloadAssembly
Native extension for WindowsStandalone target not found
Refreshing native plugins compatible for Editor in 0.51 ms, found 1 plugins.
Preloading 0 native plugins for Editor in 0.00 ms.
Invoked RoslynAnalysisRunner static constructor.
RoslynAnalysisRunner will not be running.
RoslynAnalysisRunner has terminated.
Mono: successfully reloaded assembly
- Completed reload, in  0.828 seconds
Platform modules already initialized, skipping
Refreshing native plugins compatible for Editor in 0.40 ms, found 1 plugins.
Preloading 0 native plugins for Editor in 0.00 ms.
Unloading 1805 Unused Serialized files (Serialized files now loaded: 0)
System memory in use before: 84.6 MB.
System memory in use after: 84.6 MB.

Unloading 12 unused Assets to reduce memory usage. Loaded Objects now: 2264.
Total: 2.327300 ms (FindLiveObjects: 0.290200 ms CreateObjectMapping: 0.058700 ms MarkObjects: 1.863900 ms  DeleteObjects: 0.112600 ms)

========================================================================
Received Prepare
Registering precompiled user dll's ...
Registered in 0.001090 seconds.
Begin MonoManager ReloadAssembly
Native extension for WindowsStandalone target not found
Refreshing native plugins compatible for Editor in 0.49 ms, found 1 plugins.
Preloading 0 native plugins for Editor in 0.00 ms.
Invoked RoslynAnalysisRunner static constructor.
RoslynAnalysisRunner will not be running.
RoslynAnalysisRunner has terminated.
Mono: successfully reloaded assembly
- Completed reload, in  0.848 seconds
Platform modules already initialized, skipping
Refreshing native plugins compatible for Editor in 0.36 ms, found 1 plugins.
Preloading 0 native plugins for Editor in 0.00 ms.
Unloading 1805 Unused Serialized files (Serialized files now loaded: 0)
System memory in use before: 84.6 MB.
System memory in use after: 84.6 MB.

Unloading 12 unused Assets to reduce memory usage. Loaded Objects now: 2267.
Total: 3.537000 ms (FindLiveObjects: 0.535800 ms CreateObjectMapping: 0.116900 ms MarkObjects: 2.714800 ms  DeleteObjects: 0.166300 ms)

========================================================================
Received Prepare
Registering precompiled user dll's ...
Registered in 0.002258 seconds.
Begin MonoManager ReloadAssembly
Native extension for WindowsStandalone target not found
Refreshing native plugins compatible for Editor in 0.40 ms, found 1 plugins.
Preloading 0 native plugins for Editor in 0.00 ms.
Invoked RoslynAnalysisRunner static constructor.
RoslynAnalysisRunner will not be running.
RoslynAnalysisRunner has terminated.
Mono: successfully reloaded assembly
- Completed reload, in  0.848 seconds
Platform modules already initialized, skipping
Refreshing native plugins compatible for Editor in 0.44 ms, found 1 plugins.
Preloading 0 native plugins for Editor in 0.00 ms.
Unloading 1805 Unused Serialized files (Serialized files now loaded: 0)
System memory in use before: 84.7 MB.
System memory in use after: 84.7 MB.

Unloading 12 unused Assets to reduce memory usage. Loaded Objects now: 2270.
Total: 2.560800 ms (FindLiveObjects: 0.370100 ms CreateObjectMapping: 0.080200 ms MarkObjects: 2.006500 ms  DeleteObjects: 0.102200 ms)

========================================================================
Received Prepare
Registering precompiled user dll's ...
Registered in 0.000942 seconds.
Begin MonoManager ReloadAssembly
Native extension for WindowsStandalone target not found
Refreshing native plugins compatible for Editor in 0.40 ms, found 1 plugins.
Preloading 0 native plugins for Editor in 0.00 ms.
Invoked RoslynAnalysisRunner static constructor.
RoslynAnalysisRunner will not be running.
RoslynAnalysisRunner has terminated.
Mono: successfully reloaded assembly
- Completed reload, in  0.839 seconds
Platform modules already initialized, skipping
Refreshing native plugins compatible for Editor in 0.37 ms, found 1 plugins.
Preloading 0 native plugins for Editor in 0.00 ms.
Unloading 1805 Unused Serialized files (Serialized files now loaded: 0)
System memory in use before: 84.8 MB.
System memory in use after: 84.8 MB.

Unloading 12 unused Assets to reduce memory usage. Loaded Objects now: 2273.
Total: 2.624600 ms (FindLiveObjects: 0.557300 ms CreateObjectMapping: 0.197100 ms MarkObjects: 1.765000 ms  DeleteObjects: 0.101700 ms)

========================================================================
Received Import Request.
  Time since last request: 2274.757563 seconds.
  path: Assets/Prefabs/Bullet.prefab
  artifactKey: Guid(ac2f9e2466660f545bf25d3dbe128c45) Importer(815301076,1909f56bfc062723c751e8b465ee728b)
Start importing Assets/Prefabs/Bullet.prefab using Guid(ac2f9e2466660f545bf25d3dbe128c45) Importer(815301076,1909f56bfc062723c751e8b465ee728b)  -> (artifact id: 'fe4ee345428b0eda4dea2806e4b9a4f3') in 0.108751 seconds
  Import took 0.113059 seconds .

========================================================================
Received Import Request.
  Time since last request: 6.500929 seconds.
  path: Assets/Prefabs/Bullet.prefab
  artifactKey: Guid(ac2f9e2466660f545bf25d3dbe128c45) Importer(815301076,1909f56bfc062723c751e8b465ee728b)
Start importing Assets/Prefabs/Bullet.prefab using Guid(ac2f9e2466660f545bf25d3dbe128c45) Importer(815301076,1909f56bfc062723c751e8b465ee728b)  -> (artifact id: '3200d8de0c5c0c33a96a49782af37f47') in 0.021443 seconds
  Import took 0.026712 seconds .

========================================================================
Received Prepare
Registering precompiled user dll's ...
Registered in 0.000992 seconds.
Begin MonoManager ReloadAssembly
Native extension for WindowsStandalone target not found
Refreshing native plugins compatible for Editor in 0.37 ms, found 1 plugins.
Preloading 0 native plugins for Editor in 0.00 ms.
Invoked RoslynAnalysisRunner static constructor.
RoslynAnalysisRunner will not be running.
RoslynAnalysisRunner has terminated.
Mono: successfully reloaded assembly
- Completed reload, in  0.866 seconds
Platform modules already initialized, skipping
Refreshing native plugins compatible for Editor in 0.43 ms, found 1 plugins.
Preloading 0 native plugins for Editor in 0.00 ms.
Unloading 1805 Unused Serialized files (Serialized files now loaded: 0)
System memory in use before: 87.9 MB.
System memory in use after: 87.9 MB.

Unloading 12 unused Assets to reduce memory usage. Loaded Objects now: 2283.
Total: 2.663400 ms (FindLiveObjects: 0.337300 ms CreateObjectMapping: 0.048000 ms MarkObjects: 2.169000 ms  DeleteObjects: 0.106500 ms)

========================================================================
Received Prepare
Registering precompiled user dll's ...
Registered in 0.000971 seconds.
Begin MonoManager ReloadAssembly
Native extension for WindowsStandalone target not found
Refreshing native plugins compatible for Editor in 0.66 ms, found 1 plugins.
Preloading 0 native plugins for Editor in 0.00 ms.
Invoked RoslynAnalysisRunner static constructor.
RoslynAnalysisRunner will not be running.
RoslynAnalysisRunner has terminated.
Mono: successfully reloaded assembly
- Completed reload, in  0.823 seconds
Platform modules already initialized, skipping
Refreshing native plugins compatible for Editor in 0.42 ms, found 1 plugins.
Preloading 0 native plugins for Editor in 0.00 ms.
Unloading 1805 Unused Serialized files (Serialized files now loaded: 0)
System memory in use before: 88.0 MB.
System memory in use after: 88.0 MB.

Unloading 12 unused Assets to reduce memory usage. Loaded Objects now: 2286.
Total: 3.028200 ms (FindLiveObjects: 0.374100 ms CreateObjectMapping: 0.082900 ms MarkObjects: 2.460700 ms  DeleteObjects: 0.108000 ms)

========================================================================
Received Prepare
Registering precompiled user dll's ...
Registered in 0.001042 seconds.
Begin MonoManager ReloadAssembly
Native extension for WindowsStandalone target not found
Refreshing native plugins compatible for Editor in 0.44 ms, found 1 plugins.
Preloading 0 native plugins for Editor in 0.00 ms.
Invoked RoslynAnalysisRunner static constructor.
RoslynAnalysisRunner will not be running.
RoslynAnalysisRunner has terminated.
Mono: successfully reloaded assembly
- Completed reload, in  0.847 seconds
Platform modules already initialized, skipping
Refreshing native plugins compatible for Editor in 0.43 ms, found 1 plugins.
Preloading 0 native plugins for Editor in 0.00 ms.
Unloading 1805 Unused Serialized files (Serialized files now loaded: 0)
System memory in use before: 88.1 MB.
System memory in use after: 88.1 MB.

Unloading 12 unused Assets to reduce memory usage. Loaded Objects now: 2289.
Total: 3.032700 ms (FindLiveObjects: 0.500800 ms CreateObjectMapping: 0.112300 ms MarkObjects: 2.279400 ms  DeleteObjects: 0.137400 ms)

========================================================================
Received Import Request.
  Time since last request: 158.971672 seconds.
  path: Assets/Prefabs/Bullet.prefab
  artifactKey: Guid(ac2f9e2466660f545bf25d3dbe128c45) Importer(815301076,1909f56bfc062723c751e8b465ee728b)
Start importing Assets/Prefabs/Bullet.prefab using Guid(ac2f9e2466660f545bf25d3dbe128c45) Importer(815301076,1909f56bfc062723c751e8b465ee728b)  -> (artifact id: '740ec6d44c106147cea7e7441d3ea33b') in 0.058014 seconds
  Import took 0.062706 seconds .

========================================================================
Received Import Request.
  Time since last request: 7.172840 seconds.
  path: Assets/Prefabs/Bullet.prefab
  artifactKey: Guid(ac2f9e2466660f545bf25d3dbe128c45) Importer(815301076,1909f56bfc062723c751e8b465ee728b)
Start importing Assets/Prefabs/Bullet.prefab using Guid(ac2f9e2466660f545bf25d3dbe128c45) Importer(815301076,1909f56bfc062723c751e8b465ee728b)  -> (artifact id: '86c00008bb2a93c15e8a61051f37e73a') in 0.015055 seconds
  Import took 0.019869 seconds .

========================================================================
Received Import Request.
  Time since last request: 2.610542 seconds.
  path: Assets/Prefabs/Bullet.prefab
  artifactKey: Guid(ac2f9e2466660f545bf25d3dbe128c45) Importer(815301076,1909f56bfc062723c751e8b465ee728b)
Start importing Assets/Prefabs/Bullet.prefab using Guid(ac2f9e2466660f545bf25d3dbe128c45) Importer(815301076,1909f56bfc062723c751e8b465ee728b)  -> (artifact id: '96f94f924495443f3aa96672c41d5257') in 0.010499 seconds
  Import took 0.015362 seconds .

========================================================================
Received Prepare
Registering precompiled user dll's ...
Registered in 0.001362 seconds.
Begin MonoManager ReloadAssembly
Native extension for WindowsStandalone target not found
Refreshing native plugins compatible for Editor in 0.36 ms, found 1 plugins.
Preloading 0 native plugins for Editor in 0.00 ms.
Invoked RoslynAnalysisRunner static constructor.
RoslynAnalysisRunner will not be running.
RoslynAnalysisRunner has terminated.
Mono: successfully reloaded assembly
- Completed reload, in  0.874 seconds
Platform modules already initialized, skipping
Refreshing native plugins compatible for Editor in 0.36 ms, found 1 plugins.
Preloading 0 native plugins for Editor in 0.00 ms.
Unloading 1805 Unused Serialized files (Serialized files now loaded: 0)
System memory in use before: 88.2 MB.
System memory in use after: 88.2 MB.

Unloading 12 unused Assets to reduce memory usage. Loaded Objects now: 2293.
Total: 2.340300 ms (FindLiveObjects: 0.409900 ms CreateObjectMapping: 0.043700 ms MarkObjects: 1.772100 ms  DeleteObjects: 0.112500 ms)

========================================================================
Received Import Request.
  Time since last request: 30.651726 seconds.
  path: Assets/Prefabs/Bullet.prefab
  artifactKey: Guid(ac2f9e2466660f545bf25d3dbe128c45) Importer(815301076,1909f56bfc062723c751e8b465ee728b)
Start importing Assets/Prefabs/Bullet.prefab using Guid(ac2f9e2466660f545bf25d3dbe128c45) Importer(815301076,1909f56bfc062723c751e8b465ee728b)  -> (artifact id: 'af899490dc81f8dbb142c76c74ef683f') in 0.053445 seconds
  Import took 0.057497 seconds .

========================================================================
Received Prepare
Registering precompiled user dll's ...
Registered in 0.001021 seconds.
Begin MonoManager ReloadAssembly
Native extension for WindowsStandalone target not found
Refreshing native plugins compatible for Editor in 0.53 ms, found 1 plugins.
Preloading 0 native plugins for Editor in 0.00 ms.
Invoked RoslynAnalysisRunner static constructor.
RoslynAnalysisRunner will not be running.
RoslynAnalysisRunner has terminated.
Mono: successfully reloaded assembly
- Completed reload, in  0.904 seconds
Platform modules already initialized, skipping
Refreshing native plugins compatible for Editor in 0.36 ms, found 1 plugins.
Preloading 0 native plugins for Editor in 0.00 ms.
Unloading 1805 Unused Serialized files (Serialized files now loaded: 0)
System memory in use before: 88.2 MB.
System memory in use after: 88.2 MB.

Unloading 12 unused Assets to reduce memory usage. Loaded Objects now: 2297.
Total: 2.789200 ms (FindLiveObjects: 0.547200 ms CreateObjectMapping: 0.069800 ms MarkObjects: 2.070700 ms  DeleteObjects: 0.100300 ms)

========================================================================
Received Import Request.
  Time since last request: 5.213361 seconds.
  path: Assets/Prefabs/Bullet.prefab
  artifactKey: Guid(ac2f9e2466660f545bf25d3dbe128c45) Importer(815301076,1909f56bfc062723c751e8b465ee728b)
Start importing Assets/Prefabs/Bullet.prefab using Guid(ac2f9e2466660f545bf25d3dbe128c45) Importer(815301076,1909f56bfc062723c751e8b465ee728b)  -> (artifact id: '21faac14b4e70012459090de83ad41a3') in 0.050901 seconds
  Import took 0.064977 seconds .

========================================================================
Received Import Request.
  Time since last request: 3.965009 seconds.
  path: Assets/Prefabs/Bullet.prefab
  artifactKey: Guid(ac2f9e2466660f545bf25d3dbe128c45) Importer(815301076,1909f56bfc062723c751e8b465ee728b)
Start importing Assets/Prefabs/Bullet.prefab using Guid(ac2f9e2466660f545bf25d3dbe128c45) Importer(815301076,1909f56bfc062723c751e8b465ee728b)  -> (artifact id: '515a917e32e24058cb1f6c750ae0ae73') in 0.015950 seconds
  Import took 0.019617 seconds .

========================================================================
Received Prepare
Registering precompiled user dll's ...
Registered in 0.000994 seconds.
Begin MonoManager ReloadAssembly
Native extension for WindowsStandalone target not found
Refreshing native plugins compatible for Editor in 0.44 ms, found 1 plugins.
Preloading 0 native plugins for Editor in 0.00 ms.
Invoked RoslynAnalysisRunner static constructor.
RoslynAnalysisRunner will not be running.
RoslynAnalysisRunner has terminated.
Mono: successfully reloaded assembly
- Completed reload, in  0.868 seconds
Platform modules already initialized, skipping
Refreshing native plugins compatible for Editor in 0.36 ms, found 1 plugins.
Preloading 0 native plugins for Editor in 0.00 ms.
Unloading 1805 Unused Serialized files (Serialized files now loaded: 0)
System memory in use before: 88.3 MB.
System memory in use after: 88.3 MB.

Unloading 12 unused Assets to reduce memory usage. Loaded Objects now: 2301.
Total: 3.117600 ms (FindLiveObjects: 0.541000 ms CreateObjectMapping: 0.061800 ms MarkObjects: 2.378800 ms  DeleteObjects: 0.132600 ms)

========================================================================
Received Prepare
Registering precompiled user dll's ...
Registered in 0.001027 seconds.
Begin MonoManager ReloadAssembly
Native extension for WindowsStandalone target not found
Refreshing native plugins compatible for Editor in 0.43 ms, found 1 plugins.
Preloading 0 native plugins for Editor in 0.00 ms.
Invoked RoslynAnalysisRunner static constructor.
RoslynAnalysisRunner will not be running.
RoslynAnalysisRunner has terminated.
Mono: successfully reloaded assembly
- Completed reload, in  0.893 seconds
Platform modules already initialized, skipping
Refreshing native plugins compatible for Editor in 0.40 ms, found 1 plugins.
Preloading 0 native plugins for Editor in 0.00 ms.
Unloading 1805 Unused Serialized files (Serialized files now loaded: 0)
System memory in use before: 88.4 MB.
System memory in use after: 88.4 MB.

Unloading 12 unused Assets to reduce memory usage. Loaded Objects now: 2304.
Total: 2.330600 ms (FindLiveObjects: 0.495400 ms CreateObjectMapping: 0.044200 ms MarkObjects: 1.686600 ms  DeleteObjects: 0.100700 ms)

========================================================================
Received Import Request.
  Time since last request: 151.598229 seconds.
  path: Assets/Prefabs/Zombie.prefab
  artifactKey: Guid(3b7d810b05471c04eb12bf3ce5423b6e) Importer(815301076,1909f56bfc062723c751e8b465ee728b)
Start importing Assets/Prefabs/Zombie.prefab using Guid(3b7d810b05471c04eb12bf3ce5423b6e) Importer(815301076,1909f56bfc062723c751e8b465ee728b)  -> (artifact id: '3cd57b5bcd955ec1e6dcc0939f7ab9c0') in 0.068609 seconds
  Import took 0.073264 seconds .

========================================================================
Received Prepare
Registering precompiled user dll's ...
Registered in 0.000919 seconds.
Begin MonoManager ReloadAssembly
Native extension for WindowsStandalone target not found
Refreshing native plugins compatible for Editor in 0.39 ms, found 1 plugins.
Preloading 0 native plugins for Editor in 0.00 ms.
Invoked RoslynAnalysisRunner static constructor.
RoslynAnalysisRunner will not be running.
RoslynAnalysisRunner has terminated.
Mono: successfully reloaded assembly
- Completed reload, in  0.889 seconds
Platform modules already initialized, skipping
Refreshing native plugins compatible for Editor in 0.36 ms, found 1 plugins.
Preloading 0 native plugins for Editor in 0.00 ms.
Unloading 1805 Unused Serialized files (Serialized files now loaded: 0)
System memory in use before: 88.5 MB.
System memory in use after: 88.5 MB.

Unloading 12 unused Assets to reduce memory usage. Loaded Objects now: 2308.
Total: 3.055600 ms (FindLiveObjects: 0.476300 ms CreateObjectMapping: 0.113600 ms MarkObjects: 2.359300 ms  DeleteObjects: 0.104500 ms)

========================================================================
Received Import Request.
  Time since last request: 11.596175 seconds.
  path: Assets/Prefabs/Zombie.prefab
  artifactKey: Guid(3b7d810b05471c04eb12bf3ce5423b6e) Importer(815301076,1909f56bfc062723c751e8b465ee728b)
Start importing Assets/Prefabs/Zombie.prefab using Guid(3b7d810b05471c04eb12bf3ce5423b6e) Importer(815301076,1909f56bfc062723c751e8b465ee728b)  -> (artifact id: '2164525a0b7d014b57071c6d9ec97587') in 0.054208 seconds
  Import took 0.069317 seconds .

========================================================================
Received Import Request.
  Time since last request: 1.334368 seconds.
  path: Assets/Prefabs/Zombie.prefab
  artifactKey: Guid(3b7d810b05471c04eb12bf3ce5423b6e) Importer(815301076,1909f56bfc062723c751e8b465ee728b)
Start importing Assets/Prefabs/Zombie.prefab using Guid(3b7d810b05471c04eb12bf3ce5423b6e) Importer(815301076,1909f56bfc062723c751e8b465ee728b)  -> (artifact id: 'ad6b2f91b065740ad4c4147eb6e4fc77') in 0.010090 seconds
  Import took 0.014609 seconds .

========================================================================
Received Import Request.
  Time since last request: 4.159721 seconds.
  path: Assets/Prefabs/Zombie.prefab
  artifactKey: Guid(3b7d810b05471c04eb12bf3ce5423b6e) Importer(815301076,1909f56bfc062723c751e8b465ee728b)
Start importing Assets/Prefabs/Zombie.prefab using Guid(3b7d810b05471c04eb12bf3ce5423b6e) Importer(815301076,1909f56bfc062723c751e8b465ee728b)  -> (artifact id: '3baf60b18669d8e0234916618ad8613d') in 0.019998 seconds
  Import took 0.024398 seconds .

========================================================================
Received Prepare
Registering precompiled user dll's ...
Registered in 0.000978 seconds.
Begin MonoManager ReloadAssembly
Native extension for WindowsStandalone target not found
Refreshing native plugins compatible for Editor in 0.38 ms, found 1 plugins.
Preloading 0 native plugins for Editor in 0.00 ms.
Invoked RoslynAnalysisRunner static constructor.
RoslynAnalysisRunner will not be running.
RoslynAnalysisRunner has terminated.
Mono: successfully reloaded assembly
- Completed reload, in  0.877 seconds
Platform modules already initialized, skipping
Refreshing native plugins compatible for Editor in 0.35 ms, found 1 plugins.
Preloading 0 native plugins for Editor in 0.00 ms.
Unloading 1805 Unused Serialized files (Serialized files now loaded: 0)
System memory in use before: 88.5 MB.
System memory in use after: 88.5 MB.

Unloading 12 unused Assets to reduce memory usage. Loaded Objects now: 2312.
Total: 2.447700 ms (FindLiveObjects: 0.360900 ms CreateObjectMapping: 0.093600 ms MarkObjects: 1.887500 ms  DeleteObjects: 0.103900 ms)

========================================================================
Received Import Request.
  Time since last request: 57.623737 seconds.
  path: Assets/Prefabs/Zombie.prefab
  artifactKey: Guid(3b7d810b05471c04eb12bf3ce5423b6e) Importer(815301076,1909f56bfc062723c751e8b465ee728b)
Start importing Assets/Prefabs/Zombie.prefab using Guid(3b7d810b05471c04eb12bf3ce5423b6e) Importer(815301076,1909f56bfc062723c751e8b465ee728b)  -> (artifact id: '37445a2bc856d0d02aa59d54e274bcf7') in 0.059446 seconds
  Import took 0.063531 seconds .

========================================================================
Received Prepare
Registering precompiled user dll's ...
Registered in 0.001002 seconds.
Begin MonoManager ReloadAssembly
Native extension for WindowsStandalone target not found
Refreshing native plugins compatible for Editor in 0.56 ms, found 1 plugins.
Preloading 0 native plugins for Editor in 0.00 ms.
Invoked RoslynAnalysisRunner static constructor.
RoslynAnalysisRunner will not be running.
RoslynAnalysisRunner has terminated.
Mono: successfully reloaded assembly
- Completed reload, in  0.906 seconds
Platform modules already initialized, skipping
Refreshing native plugins compatible for Editor in 0.40 ms, found 1 plugins.
Preloading 0 native plugins for Editor in 0.00 ms.
Unloading 1805 Unused Serialized files (Serialized files now loaded: 0)
System memory in use before: 88.6 MB.
System memory in use after: 88.6 MB.

Unloading 12 unused Assets to reduce memory usage. Loaded Objects now: 2316.
Total: 2.182000 ms (FindLiveObjects: 0.291900 ms CreateObjectMapping: 0.051200 ms MarkObjects: 1.733600 ms  DeleteObjects: 0.103400 ms)

========================================================================
Received Prepare
Registering precompiled user dll's ...
Registered in 0.000979 seconds.
Begin MonoManager ReloadAssembly
Native extension for WindowsStandalone target not found
Refreshing native plugins compatible for Editor in 0.47 ms, found 1 plugins.
Preloading 0 native plugins for Editor in 0.00 ms.
Invoked RoslynAnalysisRunner static constructor.
RoslynAnalysisRunner will not be running.
RoslynAnalysisRunner has terminated.
Mono: successfully reloaded assembly
- Completed reload, in  0.932 seconds
Platform modules already initialized, skipping
Refreshing native plugins compatible for Editor in 0.39 ms, found 1 plugins.
Preloading 0 native plugins for Editor in 0.00 ms.
Unloading 1805 Unused Serialized files (Serialized files now loaded: 0)
System memory in use before: 88.7 MB.
System memory in use after: 88.7 MB.

Unloading 12 unused Assets to reduce memory usage. Loaded Objects now: 2319.
Total: 2.782600 ms (FindLiveObjects: 0.344300 ms CreateObjectMapping: 0.043300 ms MarkObjects: 2.281100 ms  DeleteObjects: 0.111900 ms)

========================================================================
Received Prepare
Registering precompiled user dll's ...
Registered in 0.001042 seconds.
Begin MonoManager ReloadAssembly
Native extension for WindowsStandalone target not found
Refreshing native plugins compatible for Editor in 0.79 ms, found 1 plugins.
Preloading 0 native plugins for Editor in 0.00 ms.
Invoked RoslynAnalysisRunner static constructor.
RoslynAnalysisRunner will not be running.
RoslynAnalysisRunner has terminated.
Mono: successfully reloaded assembly
- Completed reload, in  0.887 seconds
Platform modules already initialized, skipping
Refreshing native plugins compatible for Editor in 0.37 ms, found 1 plugins.
Preloading 0 native plugins for Editor in 0.00 ms.
Unloading 1805 Unused Serialized files (Serialized files now loaded: 0)
System memory in use before: 88.8 MB.
System memory in use after: 88.8 MB.

Unloading 12 unused Assets to reduce memory usage. Loaded Objects now: 2322.
Total: 2.297100 ms (FindLiveObjects: 0.381900 ms CreateObjectMapping: 0.109700 ms MarkObjects: 1.701900 ms  DeleteObjects: 0.101900 ms)

========================================================================
Received Prepare
Registering precompiled user dll's ...
Registered in 0.000969 seconds.
Begin MonoManager ReloadAssembly
Native extension for WindowsStandalone target not found
Refreshing native plugins compatible for Editor in 0.35 ms, found 1 plugins.
Preloading 0 native plugins for Editor in 0.00 ms.
Invoked RoslynAnalysisRunner static constructor.
RoslynAnalysisRunner will not be running.
RoslynAnalysisRunner has terminated.
Mono: successfully reloaded assembly
- Completed reload, in  0.920 seconds
Platform modules already initialized, skipping
Refreshing native plugins compatible for Editor in 0.36 ms, found 1 plugins.
Preloading 0 native plugins for Editor in 0.00 ms.
Unloading 1805 Unused Serialized files (Serialized files now loaded: 0)
System memory in use before: 88.8 MB.
System memory in use after: 88.8 MB.

Unloading 12 unused Assets to reduce memory usage. Loaded Objects now: 2325.
Total: 2.663800 ms (FindLiveObjects: 0.567700 ms CreateObjectMapping: 0.050900 ms MarkObjects: 1.931200 ms  DeleteObjects: 0.109500 ms)

========================================================================
Received Prepare
Registering precompiled user dll's ...
Registered in 0.000989 seconds.
Begin MonoManager ReloadAssembly
Native extension for WindowsStandalone target not found
Refreshing native plugins compatible for Editor in 0.39 ms, found 1 plugins.
Preloading 0 native plugins for Editor in 0.00 ms.
Invoked RoslynAnalysisRunner static constructor.
RoslynAnalysisRunner will not be running.
RoslynAnalysisRunner has terminated.
Mono: successfully reloaded assembly
- Completed reload, in  0.915 seconds
Platform modules already initialized, skipping
Refreshing native plugins compatible for Editor in 0.42 ms, found 1 plugins.
Preloading 0 native plugins for Editor in 0.00 ms.
Unloading 1805 Unused Serialized files (Serialized files now loaded: 0)
System memory in use before: 88.9 MB.
System memory in use after: 88.9 MB.

Unloading 12 unused Assets to reduce memory usage. Loaded Objects now: 2328.
Total: 2.954600 ms (FindLiveObjects: 0.431300 ms CreateObjectMapping: 0.107000 ms MarkObjects: 2.312500 ms  DeleteObjects: 0.102300 ms)

========================================================================
Received Import Request.
  Time since last request: 1617.435047 seconds.
  path: Assets/Prefabs/Zombie.prefab
  artifactKey: Guid(3b7d810b05471c04eb12bf3ce5423b6e) Importer(815301076,1909f56bfc062723c751e8b465ee728b)
Start importing Assets/Prefabs/Zombie.prefab using Guid(3b7d810b05471c04eb12bf3ce5423b6e) Importer(815301076,1909f56bfc062723c751e8b465ee728b) The Animator Controller (Sprite) you have used is not valid. Animations will not play
UnityEngine.StackTraceUtility:ExtractStackTrace ()
UnityEditor.EditorUtility:Internal_InstantiateRemoveAllNonAnimationComponentsSingle (UnityEngine.Object,UnityEngine.Vector3,UnityEngine.Quaternion)
UnityEditor.EditorUtility:InstantiateRemoveAllNonAnimationComponents (UnityEngine.Object,UnityEngine.Vector3,UnityEngine.Quaternion)
UnityEditor.EditorUtility:InstantiateForAnimatorPreview (UnityEngine.Object)
UnityEditor.GameObjectInspector/PreviewData:UpdateGameObject (UnityEngine.Object)
UnityEditor.GameObjectInspector/PreviewData:.ctor (UnityEngine.Object)
UnityEditor.GameObjectInspector:GetPreviewData ()
UnityEditor.GameObjectInspector:RenderStaticPreview (string,UnityEngine.Object[],int,int)
UnityEditor.AssetPreviewUpdater:CreatePreviewForAsset (UnityEngine.Object,UnityEngine.Object[],string)

[C:\buildslave\unity\build\Modules/Animation/Director/AnimatorControllerPlayable.cpp line 332]

The Animator Controller (Sprite) you have used is not valid. Animations will not play
UnityEngine.StackTraceUtility:ExtractStackTrace ()
UnityEditor.EditorUtility:InitInstantiatedPreviewRecursive (UnityEngine.GameObject)
UnityEditor.EditorUtility:InstantiateForAnimatorPreview (UnityEngine.Object)
UnityEditor.GameObjectInspector/PreviewData:UpdateGameObject (UnityEngine.Object)
UnityEditor.GameObjectInspector/PreviewData:.ctor (UnityEngine.Object)
UnityEditor.GameObjectInspector:GetPreviewData ()
UnityEditor.GameObjectInspector:RenderStaticPreview (string,UnityEngine.Object[],int,int)
UnityEditor.AssetPreviewUpdater:CreatePreviewForAsset (UnityEngine.Object,UnityEngine.Object[],string)

[C:\buildslave\unity\build\Modules/Animation/Director/AnimatorControllerPlayable.cpp line 332]

 -> (artifact id: '9eebb23545599327d0f1d4f8cf7c0156') in 0.169609 seconds
  Import took 0.179227 seconds .

========================================================================
Received Import Request.
  Time since last request: 7.511563 seconds.
  path: Assets/Sprites/Zombie
  artifactKey: Guid(22e4b56229788d7429517d3ce22a7577) Importer(815301076,1909f56bfc062723c751e8b465ee728b)
Start importing Assets/Sprites/Zombie using Guid(22e4b56229788d7429517d3ce22a7577) Importer(815301076,1909f56bfc062723c751e8b465ee728b)  -> (artifact id: '3732d3e2b3c559d9bf80ba245d0ca6ba') in 0.007599 seconds
  Import took 0.013342 seconds .

========================================================================
Received Import Request.
  Time since last request: 2.740719 seconds.
  path: Assets/Sprites/Zombie/move
  artifactKey: Guid(2a3fcde559d9f7a42a0cf853c624e537) Importer(815301076,1909f56bfc062723c751e8b465ee728b)
Start importing Assets/Sprites/Zombie/move using Guid(2a3fcde559d9f7a42a0cf853c624e537) Importer(815301076,1909f56bfc062723c751e8b465ee728b)  -> (artifact id: '1dbfef19a892a9660b4c37c7c67ce5db') in 0.016468 seconds
  Import took 0.022679 seconds .

========================================================================
Received Import Request.
  Time since last request: 0.073430 seconds.
  path: Assets/Sprites/Zombie/move/skeleton-move_0.png
  artifactKey: Guid(94684322505ebdf42b5acec31cc2d8ec) Importer(815301076,1909f56bfc062723c751e8b465ee728b)
Start importing Assets/Sprites/Zombie/move/skeleton-move_0.png using Guid(94684322505ebdf42b5acec31cc2d8ec) Importer(815301076,1909f56bfc062723c751e8b465ee728b)  -> (artifact id: '6ec4aa31d8f331242915c29571d905a7') in 0.095217 seconds
  Import took 0.101969 seconds .

========================================================================
Received Import Request.
  Time since last request: 0.000454 seconds.
  path: Assets/Sprites/Zombie/move/skeleton-move_16.png
  artifactKey: Guid(4649797a3feaeda49bd8d8a233638f80) Importer(815301076,1909f56bfc062723c751e8b465ee728b)
Start importing Assets/Sprites/Zombie/move/skeleton-move_16.png using Guid(4649797a3feaeda49bd8d8a233638f80) Importer(815301076,1909f56bfc062723c751e8b465ee728b)  -> (artifact id: 'b99ab20272c4c9391e17b8ab641c4b8d') in 0.051605 seconds
  Import took 0.058611 seconds .

========================================================================
Received Import Request.
  Time since last request: 0.000444 seconds.
  path: Assets/Sprites/Zombie/move/skeleton-move_5.png
  artifactKey: Guid(ab3df80e675c753458c1681ce8beb6a9) Importer(815301076,1909f56bfc062723c751e8b465ee728b)
Start importing Assets/Sprites/Zombie/move/skeleton-move_5.png using Guid(ab3df80e675c753458c1681ce8beb6a9) Importer(815301076,1909f56bfc062723c751e8b465ee728b)  -> (artifact id: '1f3402aee1ab9e31f368375eacc2c6cf') in 0.049215 seconds
  Import took 0.057351 seconds .

========================================================================
Received Import Request.
  Time since last request: 0.000499 seconds.
  path: Assets/Sprites/Zombie/move/skeleton-move_1.png
  artifactKey: Guid(81e10a61791f8434abfb9e9866899204) Importer(815301076,1909f56bfc062723c751e8b465ee728b)
Start importing Assets/Sprites/Zombie/move/skeleton-move_1.png using Guid(81e10a61791f8434abfb9e9866899204) Importer(815301076,1909f56bfc062723c751e8b465ee728b)  -> (artifact id: 'ec4fe06f2101971e7ab91be8db5301b2') in 0.052260 seconds
  Import took 0.059185 seconds .

========================================================================
Received Import Request.
  Time since last request: 0.000621 seconds.
  path: Assets/Sprites/Zombie/move/skeleton-move_2.png
  artifactKey: Guid(fc654426a5e5da444bc124bd6442ecdc) Importer(815301076,1909f56bfc062723c751e8b465ee728b)
Start importing Assets/Sprites/Zombie/move/skeleton-move_2.png using Guid(fc654426a5e5da444bc124bd6442ecdc) Importer(815301076,1909f56bfc062723c751e8b465ee728b)  -> (artifact id: '90bf99e52b1521d2c3b0958172d63bea') in 0.047726 seconds
  Import took 0.055709 seconds .

========================================================================
Received Import Request.
  Time since last request: 0.000549 seconds.
  path: Assets/Sprites/Zombie/move/skeleton-move_6.png
  artifactKey: Guid(5a2e858537ed57a40b92d680609c4416) Importer(815301076,1909f56bfc062723c751e8b465ee728b)
Start importing Assets/Sprites/Zombie/move/skeleton-move_6.png using Guid(5a2e858537ed57a40b92d680609c4416) Importer(815301076,1909f56bfc062723c751e8b465ee728b)  -> (artifact id: '79ef3fe5ef837f14173f40fdadb05654') in 0.050585 seconds
  Import took 0.057627 seconds .

========================================================================
Received Import Request.
  Time since last request: 0.000421 seconds.
  path: Assets/Sprites/Zombie/move/skeleton-move_3.png
  artifactKey: Guid(1a0650b20de9de54bbe12545a1b59819) Importer(815301076,1909f56bfc062723c751e8b465ee728b)
Start importing Assets/Sprites/Zombie/move/skeleton-move_3.png using Guid(1a0650b20de9de54bbe12545a1b59819) Importer(815301076,1909f56bfc062723c751e8b465ee728b)  -> (artifact id: 'bedad29ca816873dffadaf30efcf8696') in 0.051867 seconds
  Import took 0.058941 seconds .

========================================================================
Received Import Request.
  Time since last request: 0.000542 seconds.
  path: Assets/Sprites/Zombie/move/skeleton-move_13.png
  artifactKey: Guid(aabed815815174d46be6f382b750ca87) Importer(815301076,1909f56bfc062723c751e8b465ee728b)
Start importing Assets/Sprites/Zombie/move/skeleton-move_13.png using Guid(aabed815815174d46be6f382b750ca87) Importer(815301076,1909f56bfc062723c751e8b465ee728b)  -> (artifact id: '5f0ab864c903ca589d56c6b3271fc42c') in 0.045454 seconds
  Import took 0.052121 seconds .

========================================================================
Received Import Request.
  Time since last request: 0.000411 seconds.
  path: Assets/Sprites/Zombie/move/skeleton-move_14.png
  artifactKey: Guid(a1642217bf962ff4db2c1e63aca4db00) Importer(815301076,1909f56bfc062723c751e8b465ee728b)
Start importing Assets/Sprites/Zombie/move/skeleton-move_14.png using Guid(a1642217bf962ff4db2c1e63aca4db00) Importer(815301076,1909f56bfc062723c751e8b465ee728b)  -> (artifact id: '21ae35875fcac4fe9eb6994bcd8d1474') in 0.048867 seconds
  Import took 0.054511 seconds .

========================================================================
Received Import Request.
  Time since last request: 0.000522 seconds.
  path: Assets/Sprites/Zombie/move/skeleton-move_11.png
  artifactKey: Guid(2a8f44ee601d5d743bc87689923904e4) Importer(815301076,1909f56bfc062723c751e8b465ee728b)
Start importing Assets/Sprites/Zombie/move/skeleton-move_11.png using Guid(2a8f44ee601d5d743bc87689923904e4) Importer(815301076,1909f56bfc062723c751e8b465ee728b)  -> (artifact id: 'ccdc66a7384ce80c5df1b376c35aa4d8') in 0.050032 seconds
  Import took 0.057283 seconds .

========================================================================
Received Import Request.
  Time since last request: 0.000579 seconds.
  path: Assets/Sprites/Zombie/move/skeleton-move_15.png
  artifactKey: Guid(f3ce8ff8101901c45946c6f33063c39b) Importer(815301076,1909f56bfc062723c751e8b465ee728b)
Start importing Assets/Sprites/Zombie/move/skeleton-move_15.png using Guid(f3ce8ff8101901c45946c6f33063c39b) Importer(815301076,1909f56bfc062723c751e8b465ee728b)  -> (artifact id: '65cd52bb9a809e7b765ab4c957aa4830') in 0.052411 seconds
  Import took 0.060018 seconds .

========================================================================
Received Import Request.
  Time since last request: 0.000510 seconds.
  path: Assets/Sprites/Zombie/move/skeleton-move_8.png
  artifactKey: Guid(acafe0829046d26429fb607bd0b3f991) Importer(815301076,1909f56bfc062723c751e8b465ee728b)
Start importing Assets/Sprites/Zombie/move/skeleton-move_8.png using Guid(acafe0829046d26429fb607bd0b3f991) Importer(815301076,1909f56bfc062723c751e8b465ee728b)  -> (artifact id: 'b916d26d2fdca25419749253ff1d52fc') in 0.054734 seconds
  Import took 0.061759 seconds .

========================================================================
Received Import Request.
  Time since last request: 0.000411 seconds.
  path: Assets/Sprites/Zombie/move/skeleton-move_9.png
  artifactKey: Guid(696a83ca64878b74a9e4884692b4146d) Importer(815301076,1909f56bfc062723c751e8b465ee728b)
Start importing Assets/Sprites/Zombie/move/skeleton-move_9.png using Guid(696a83ca64878b74a9e4884692b4146d) Importer(815301076,1909f56bfc062723c751e8b465ee728b)  -> (artifact id: '1eb80415948e8179ef4496c4f1417d97') in 0.043539 seconds
  Import took 0.048961 seconds .

========================================================================
Received Import Request.
  Time since last request: 0.000388 seconds.
  path: Assets/Sprites/Zombie/move/skeleton-move_10.png
  artifactKey: Guid(40a94dfd6431a51469e6db760432aaca) Importer(815301076,1909f56bfc062723c751e8b465ee728b)
Start importing Assets/Sprites/Zombie/move/skeleton-move_10.png using Guid(40a94dfd6431a51469e6db760432aaca) Importer(815301076,1909f56bfc062723c751e8b465ee728b)  -> (artifact id: '872c32a33464cc761fc17db3801e12f1') in 0.044990 seconds
  Import took 0.049474 seconds .

========================================================================
Received Import Request.
  Time since last request: 0.000336 seconds.
  path: Assets/Sprites/Zombie/move/skeleton-move_12.png
  artifactKey: Guid(d062c98c2c8e9f84ba8479995bf1904f) Importer(815301076,1909f56bfc062723c751e8b465ee728b)
Start importing Assets/Sprites/Zombie/move/skeleton-move_12.png using Guid(d062c98c2c8e9f84ba8479995bf1904f) Importer(815301076,1909f56bfc062723c751e8b465ee728b)  -> (artifact id: '49c231d867667e0ac05cae54fc4bdfd1') in 0.043955 seconds
  Import took 0.048612 seconds .

========================================================================
Received Import Request.
  Time since last request: 0.000467 seconds.
  path: Assets/Sprites/Zombie/move/skeleton-move_4.png
  artifactKey: Guid(1f37c3f28d836784b9949449dc1240d4) Importer(815301076,1909f56bfc062723c751e8b465ee728b)
Start importing Assets/Sprites/Zombie/move/skeleton-move_4.png using Guid(1f37c3f28d836784b9949449dc1240d4) Importer(815301076,1909f56bfc062723c751e8b465ee728b)  -> (artifact id: '6e1e403bf0099439cce053504d56f605') in 0.039190 seconds
  Import took 0.043936 seconds .

========================================================================
Received Import Request.
  Time since last request: 0.000320 seconds.
  path: Assets/Sprites/Zombie/move/skeleton-move_7.png
  artifactKey: Guid(e497ca3c06d8d7f4fbb1895af883e392) Importer(815301076,1909f56bfc062723c751e8b465ee728b)
Start importing Assets/Sprites/Zombie/move/skeleton-move_7.png using Guid(e497ca3c06d8d7f4fbb1895af883e392) Importer(815301076,1909f56bfc062723c751e8b465ee728b)  -> (artifact id: '6685eeaa4805b05580bf5c54a26e463c') in 0.040334 seconds
  Import took 0.045160 seconds .

========================================================================
Received Import Request.
  Time since last request: 2043.327085 seconds.
  path: Assets/Sprites/Zombie/attack/skeleton-attack_0.png
  artifactKey: Guid(f783369234863514f9d0574ce1bc5030) Importer(815301076,1909f56bfc062723c751e8b465ee728b)
Start importing Assets/Sprites/Zombie/attack/skeleton-attack_0.png using Guid(f783369234863514f9d0574ce1bc5030) Importer(815301076,1909f56bfc062723c751e8b465ee728b)  -> (artifact id: '4eecea8fa6cb7d564ea6ad603ffdfbbc') in 0.061989 seconds
  Import took 0.079657 seconds .

========================================================================
Received Import Request.
  Time since last request: 0.000544 seconds.
  path: Assets/Sprites/Zombie/attack/skeleton-attack_3.png
  artifactKey: Guid(f08663c4d1592e141bbd042160436177) Importer(815301076,1909f56bfc062723c751e8b465ee728b)
Start importing Assets/Sprites/Zombie/attack/skeleton-attack_3.png using Guid(f08663c4d1592e141bbd042160436177) Importer(815301076,1909f56bfc062723c751e8b465ee728b)  -> (artifact id: 'df99c32d2b783d27957066dd266097b9') in 0.057491 seconds
  Import took 0.064225 seconds .

========================================================================
Received Import Request.
  Time since last request: 0.000480 seconds.
  path: Assets/Sprites/Zombie/attack/skeleton-attack_4.png
  artifactKey: Guid(0c956cbb06d11964dbc13cd8dc6f44df) Importer(815301076,1909f56bfc062723c751e8b465ee728b)
Start importing Assets/Sprites/Zombie/attack/skeleton-attack_4.png using Guid(0c956cbb06d11964dbc13cd8dc6f44df) Importer(815301076,1909f56bfc062723c751e8b465ee728b)  -> (artifact id: '88b1fb82d0dab65ef43f801f1922c474') in 0.058542 seconds
  Import took 0.066082 seconds .

========================================================================
Received Import Request.
  Time since last request: 0.000523 seconds.
  path: Assets/Sprites/Zombie/attack/skeleton-attack_2.png
  artifactKey: Guid(6a4c5ac3866573e4a8af6895b7bff876) Importer(815301076,1909f56bfc062723c751e8b465ee728b)
Start importing Assets/Sprites/Zombie/attack/skeleton-attack_2.png using Guid(6a4c5ac3866573e4a8af6895b7bff876) Importer(815301076,1909f56bfc062723c751e8b465ee728b)  -> (artifact id: '18ffa720325d722c372e2b2b656a9ce0') in 0.051852 seconds
  Import took 0.059670 seconds .

========================================================================
Received Import Request.
  Time since last request: 0.000562 seconds.
  path: Assets/Sprites/Zombie/attack/skeleton-attack_6.png
  artifactKey: Guid(335e78345f04ace40aaeb3f6d84aef6d) Importer(815301076,1909f56bfc062723c751e8b465ee728b)
Start importing Assets/Sprites/Zombie/attack/skeleton-attack_6.png using Guid(335e78345f04ace40aaeb3f6d84aef6d) Importer(815301076,1909f56bfc062723c751e8b465ee728b)  -> (artifact id: '8a303f60ce811585f1034720ee0820f1') in 0.051700 seconds
  Import took 0.058595 seconds .

========================================================================
Received Import Request.
  Time since last request: 0.000493 seconds.
  path: Assets/Sprites/Zombie/attack/skeleton-attack_8.png
  artifactKey: Guid(40d0965b4172d0441bc776f00d440ee0) Importer(815301076,1909f56bfc062723c751e8b465ee728b)
Start importing Assets/Sprites/Zombie/attack/skeleton-attack_8.png using Guid(40d0965b4172d0441bc776f00d440ee0) Importer(815301076,1909f56bfc062723c751e8b465ee728b)  -> (artifact id: 'a32f19df3e2b9f685274b0e2bf13ae46') in 0.047162 seconds
  Import took 0.054508 seconds .

========================================================================
Received Import Request.
  Time since last request: 0.000593 seconds.
  path: Assets/Sprites/Zombie/attack/skeleton-attack_5.png
  artifactKey: Guid(85a1374e0abb42343bc8815d0d6304a1) Importer(815301076,1909f56bfc062723c751e8b465ee728b)
Start importing Assets/Sprites/Zombie/attack/skeleton-attack_5.png using Guid(85a1374e0abb42343bc8815d0d6304a1) Importer(815301076,1909f56bfc062723c751e8b465ee728b)  -> (artifact id: 'b03dfedbcd3c4077f37a85e28b567c25') in 0.048945 seconds
  Import took 0.057814 seconds .

========================================================================
Received Import Request.
  Time since last request: 0.000633 seconds.
  path: Assets/Sprites/Zombie/attack/skeleton-attack_7.png
  artifactKey: Guid(0cea603180452b04ca03507254cb7560) Importer(815301076,1909f56bfc062723c751e8b465ee728b)
Start importing Assets/Sprites/Zombie/attack/skeleton-attack_7.png using Guid(0cea603180452b04ca03507254cb7560) Importer(815301076,1909f56bfc062723c751e8b465ee728b)  -> (artifact id: 'd5d1cc05ccc5dba74f66456e794cc67e') in 0.049122 seconds
  Import took 0.055918 seconds .

========================================================================
Received Import Request.
  Time since last request: 0.000495 seconds.
  path: Assets/Sprites/Zombie/attack/skeleton-attack_1.png
  artifactKey: Guid(f85ccdaead24e0c4f8bd0c4852d0dacf) Importer(815301076,1909f56bfc062723c751e8b465ee728b)
Start importing Assets/Sprites/Zombie/attack/skeleton-attack_1.png using Guid(f85ccdaead24e0c4f8bd0c4852d0dacf) Importer(815301076,1909f56bfc062723c751e8b465ee728b)  -> (artifact id: '54fd702e670f9a19348e5c6eb216ee91') in 0.047650 seconds
  Import took 0.055843 seconds .

========================================================================
Received Prepare
Registering precompiled user dll's ...
Registered in 0.002031 seconds.
Begin MonoManager ReloadAssembly
Native extension for WindowsStandalone target not found
Refreshing native plugins compatible for Editor in 0.45 ms, found 1 plugins.
Preloading 0 native plugins for Editor in 0.00 ms.
Invoked RoslynAnalysisRunner static constructor.
RoslynAnalysisRunner will not be running.
RoslynAnalysisRunner has terminated.
Mono: successfully reloaded assembly
- Completed reload, in  1.315 seconds
Platform modules already initialized, skipping
Refreshing native plugins compatible for Editor in 0.39 ms, found 1 plugins.
Preloading 0 native plugins for Editor in 0.00 ms.
Unloading 1805 Unused Serialized files (Serialized files now loaded: 0)
System memory in use before: 89.1 MB.
System memory in use after: 89.1 MB.

Unloading 12 unused Assets to reduce memory usage. Loaded Objects now: 2337.
Total: 2.177400 ms (FindLiveObjects: 0.250400 ms CreateObjectMapping: 0.044000 ms MarkObjects: 1.771600 ms  DeleteObjects: 0.110100 ms)

========================================================================
Received Prepare
Registering precompiled user dll's ...
Registered in 0.003215 seconds.
Begin MonoManager ReloadAssembly
Native extension for WindowsStandalone target not found
Refreshing native plugins compatible for Editor in 0.47 ms, found 1 plugins.
Preloading 0 native plugins for Editor in 0.00 ms.
Invoked RoslynAnalysisRunner static constructor.
RoslynAnalysisRunner will not be running.
RoslynAnalysisRunner has terminated.
Mono: successfully reloaded assembly
- Completed reload, in  2.132 seconds
Platform modules already initialized, skipping
Refreshing native plugins compatible for Editor in 0.63 ms, found 1 plugins.
Preloading 0 native plugins for Editor in 0.00 ms.
Unloading 1805 Unused Serialized files (Serialized files now loaded: 0)
System memory in use before: 89.2 MB.
System memory in use after: 89.2 MB.

Unloading 12 unused Assets to reduce memory usage. Loaded Objects now: 2340.
Total: 4.275500 ms (FindLiveObjects: 0.273800 ms CreateObjectMapping: 0.233600 ms MarkObjects: 3.573100 ms  DeleteObjects: 0.192700 ms)

========================================================================
Received Import Request.
  Time since last request: 660.703918 seconds.
  path: Assets/Scripts/CONSTANTS.cs
  artifactKey: Guid(fb63e856beccf3a4daf4337124988175) Importer(815301076,1909f56bfc062723c751e8b465ee728b)
Start importing Assets/Scripts/CONSTANTS.cs using Guid(fb63e856beccf3a4daf4337124988175) Importer(815301076,1909f56bfc062723c751e8b465ee728b)  -> (artifact id: 'de8b12c995d9b08a52cd29165b55abe3') in 0.017962 seconds
  Import took 0.024060 seconds .

========================================================================
Received Prepare
Registering precompiled user dll's ...
Registered in 0.002629 seconds.
Begin MonoManager ReloadAssembly
Native extension for WindowsStandalone target not found
Refreshing native plugins compatible for Editor in 0.74 ms, found 1 plugins.
Preloading 0 native plugins for Editor in 0.00 ms.
Invoked RoslynAnalysisRunner static constructor.
RoslynAnalysisRunner will not be running.
RoslynAnalysisRunner has terminated.
Mono: successfully reloaded assembly
- Completed reload, in  2.236 seconds
Platform modules already initialized, skipping
Refreshing native plugins compatible for Editor in 0.45 ms, found 1 plugins.
Preloading 0 native plugins for Editor in 0.00 ms.
Unloading 1806 Unused Serialized files (Serialized files now loaded: 0)
System memory in use before: 89.3 MB.
System memory in use after: 89.3 MB.

Unloading 12 unused Assets to reduce memory usage. Loaded Objects now: 2344.
Total: 4.587800 ms (FindLiveObjects: 0.498600 ms CreateObjectMapping: 0.129100 ms MarkObjects: 3.768400 ms  DeleteObjects: 0.189000 ms)

========================================================================
Received Import Request.
  Time since last request: 242.407116 seconds.
  path: Assets/Scripts/CONSTANTS.cs
  artifactKey: Guid(fb63e856beccf3a4daf4337124988175) Importer(815301076,1909f56bfc062723c751e8b465ee728b)
Start importing Assets/Scripts/CONSTANTS.cs using Guid(fb63e856beccf3a4daf4337124988175) Importer(815301076,1909f56bfc062723c751e8b465ee728b)  -> (artifact id: 'c6b2df6f91fcfc42af3464e1c55ff05e') in 0.010218 seconds
  Import took 0.017372 seconds .

========================================================================
Received Import Request.
  Time since last request: 26.964970 seconds.
  path: Assets/Scripts/ZombieSpawner.cs
  artifactKey: Guid(e69c92e5b91e8bc46b64ff058d9d4da5) Importer(815301076,1909f56bfc062723c751e8b465ee728b)
Start importing Assets/Scripts/ZombieSpawner.cs using Guid(e69c92e5b91e8bc46b64ff058d9d4da5) Importer(815301076,1909f56bfc062723c751e8b465ee728b)  -> (artifact id: '97d442abd68e752ffde3d228974cec5e') in 0.051200 seconds
  Import took 0.059941 seconds .

========================================================================
Received Import Request.
  Time since last request: 0.007670 seconds.
  path: Assets/Scripts/ZombieSpawner.cs
  artifactKey: Guid(e69c92e5b91e8bc46b64ff058d9d4da5) Importer(815301076,1909f56bfc062723c751e8b465ee728b)
Start importing Assets/Scripts/ZombieSpawner.cs using Guid(e69c92e5b91e8bc46b64ff058d9d4da5) Importer(815301076,1909f56bfc062723c751e8b465ee728b)  -> (artifact id: '97d442abd68e752ffde3d228974cec5e') in 0.007058 seconds
  Import took 0.016321 seconds .

========================================================================
Received Prepare
Registering precompiled user dll's ...
Registered in 0.001334 seconds.
Begin MonoManager ReloadAssembly
Native extension for WindowsStandalone target not found
Refreshing native plugins compatible for Editor in 0.84 ms, found 1 plugins.
Preloading 0 native plugins for Editor in 0.00 ms.
Invoked RoslynAnalysisRunner static constructor.
RoslynAnalysisRunner will not be running.
RoslynAnalysisRunner has terminated.
Mono: successfully reloaded assembly
- Completed reload, in  1.572 seconds
Platform modules already initialized, skipping
Refreshing native plugins compatible for Editor in 0.47 ms, found 1 plugins.
Preloading 0 native plugins for Editor in 0.00 ms.
Unloading 1806 Unused Serialized files (Serialized files now loaded: 0)
System memory in use before: 89.3 MB.
System memory in use after: 89.3 MB.

Unloading 12 unused Assets to reduce memory usage. Loaded Objects now: 2347.
Total: 2.776100 ms (FindLiveObjects: 0.355700 ms CreateObjectMapping: 0.063800 ms MarkObjects: 2.247400 ms  DeleteObjects: 0.107700 ms)

========================================================================
Received Prepare
Registering precompiled user dll's ...
Registered in 0.001958 seconds.
Begin MonoManager ReloadAssembly
Native extension for WindowsStandalone target not found
Refreshing native plugins compatible for Editor in 0.88 ms, found 1 plugins.
Preloading 0 native plugins for Editor in 0.00 ms.
Invoked RoslynAnalysisRunner static constructor.
RoslynAnalysisRunner will not be running.
RoslynAnalysisRunner has terminated.
Mono: successfully reloaded assembly
- Completed reload, in  2.050 seconds
Platform modules already initialized, skipping
Refreshing native plugins compatible for Editor in 1.01 ms, found 1 plugins.
Preloading 0 native plugins for Editor in 0.00 ms.
Unloading 1806 Unused Serialized files (Serialized files now loaded: 0)
System memory in use before: 89.4 MB.
System memory in use after: 89.4 MB.

Unloading 12 unused Assets to reduce memory usage. Loaded Objects now: 2350.
Total: 4.660500 ms (FindLiveObjects: 0.750400 ms CreateObjectMapping: 0.154900 ms MarkObjects: 3.563000 ms  DeleteObjects: 0.188800 ms)

========================================================================
Received Prepare
Registering precompiled user dll's ...
Registered in 0.001359 seconds.
Begin MonoManager ReloadAssembly
Native extension for WindowsStandalone target not found
Refreshing native plugins compatible for Editor in 0.69 ms, found 1 plugins.
Preloading 0 native plugins for Editor in 0.00 ms.
Invoked RoslynAnalysisRunner static constructor.
RoslynAnalysisRunner will not be running.
RoslynAnalysisRunner has terminated.
Mono: successfully reloaded assembly
- Completed reload, in  2.295 seconds
Platform modules already initialized, skipping
Refreshing native plugins compatible for Editor in 0.87 ms, found 1 plugins.
Preloading 0 native plugins for Editor in 0.00 ms.
Unloading 1806 Unused Serialized files (Serialized files now loaded: 0)
System memory in use before: 89.5 MB.
System memory in use after: 89.5 MB.

Unloading 12 unused Assets to reduce memory usage. Loaded Objects now: 2353.
Total: 4.167900 ms (FindLiveObjects: 0.350100 ms CreateObjectMapping: 0.093600 ms MarkObjects: 3.535000 ms  DeleteObjects: 0.186100 ms)

========================================================================
Received Prepare
Registering precompiled user dll's ...
Registered in 0.001381 seconds.
Begin MonoManager ReloadAssembly
Native extension for WindowsStandalone target not found
Refreshing native plugins compatible for Editor in 0.55 ms, found 1 plugins.
Preloading 0 native plugins for Editor in 0.00 ms.
Invoked RoslynAnalysisRunner static constructor.
RoslynAnalysisRunner will not be running.
RoslynAnalysisRunner has terminated.
Mono: successfully reloaded assembly
- Completed reload, in  1.959 seconds
Platform modules already initialized, skipping
Refreshing native plugins compatible for Editor in 0.61 ms, found 1 plugins.
Preloading 0 native plugins for Editor in 0.00 ms.
Unloading 1806 Unused Serialized files (Serialized files now loaded: 0)
System memory in use before: 89.6 MB.
System memory in use after: 89.6 MB.

Unloading 12 unused Assets to reduce memory usage. Loaded Objects now: 2356.
Total: 3.608200 ms (FindLiveObjects: 0.326700 ms CreateObjectMapping: 0.057000 ms MarkObjects: 3.082100 ms  DeleteObjects: 0.140800 ms)

========================================================================
Received Prepare
Registering precompiled user dll's ...
Registered in 0.001455 seconds.
Begin MonoManager ReloadAssembly
Native extension for WindowsStandalone target not found
Refreshing native plugins compatible for Editor in 0.68 ms, found 1 plugins.
Preloading 0 native plugins for Editor in 0.00 ms.
Invoked RoslynAnalysisRunner static constructor.
RoslynAnalysisRunner will not be running.
RoslynAnalysisRunner has terminated.
Mono: successfully reloaded assembly
- Completed reload, in  1.903 seconds
Platform modules already initialized, skipping
Refreshing native plugins compatible for Editor in 0.45 ms, found 1 plugins.
Preloading 0 native plugins for Editor in 0.00 ms.
Unloading 1806 Unused Serialized files (Serialized files now loaded: 0)
System memory in use before: 89.6 MB.
System memory in use after: 89.6 MB.

Unloading 12 unused Assets to reduce memory usage. Loaded Objects now: 2359.
Total: 3.878800 ms (FindLiveObjects: 0.488100 ms CreateObjectMapping: 0.142200 ms MarkObjects: 3.108000 ms  DeleteObjects: 0.138100 ms)

========================================================================
Received Prepare
Registering precompiled user dll's ...
Registered in 0.001056 seconds.
Begin MonoManager ReloadAssembly
Native extension for WindowsStandalone target not found
Refreshing native plugins compatible for Editor in 0.37 ms, found 1 plugins.
Preloading 0 native plugins for Editor in 0.00 ms.
Invoked RoslynAnalysisRunner static constructor.
RoslynAnalysisRunner will not be running.
RoslynAnalysisRunner has terminated.
Mono: successfully reloaded assembly
- Completed reload, in  1.190 seconds
Platform modules already initialized, skipping
Refreshing native plugins compatible for Editor in 0.38 ms, found 1 plugins.
Preloading 0 native plugins for Editor in 0.00 ms.
Unloading 1806 Unused Serialized files (Serialized files now loaded: 0)
System memory in use before: 88.7 MB.
System memory in use after: 88.7 MB.

Unloading 12 unused Assets to reduce memory usage. Loaded Objects now: 2362.
Total: 2.213100 ms (FindLiveObjects: 0.282400 ms CreateObjectMapping: 0.084600 ms MarkObjects: 1.739300 ms  DeleteObjects: 0.105100 ms)

========================================================================
Received Prepare
Registering precompiled user dll's ...
Registered in 0.003070 seconds.
Begin MonoManager ReloadAssembly
Native extension for WindowsStandalone target not found
Refreshing native plugins compatible for Editor in 0.70 ms, found 1 plugins.
Preloading 0 native plugins for Editor in 0.00 ms.
Invoked RoslynAnalysisRunner static constructor.
RoslynAnalysisRunner will not be running.
RoslynAnalysisRunner has terminated.
Mono: successfully reloaded assembly
- Completed reload, in  2.034 seconds
Platform modules already initialized, skipping
Refreshing native plugins compatible for Editor in 0.88 ms, found 1 plugins.
Preloading 0 native plugins for Editor in 0.00 ms.
Unloading 1806 Unused Serialized files (Serialized files now loaded: 0)
System memory in use before: 88.8 MB.
System memory in use after: 88.8 MB.

Unloading 12 unused Assets to reduce memory usage. Loaded Objects now: 2365.
Total: 4.295100 ms (FindLiveObjects: 0.734200 ms CreateObjectMapping: 0.120200 ms MarkObjects: 3.248200 ms  DeleteObjects: 0.189600 ms)

========================================================================
Received Prepare
Registering precompiled user dll's ...
Registered in 0.002090 seconds.
Begin MonoManager ReloadAssembly
Native extension for WindowsStandalone target not found
Refreshing native plugins compatible for Editor in 0.54 ms, found 1 plugins.
Preloading 0 native plugins for Editor in 0.00 ms.
Invoked RoslynAnalysisRunner static constructor.
RoslynAnalysisRunner will not be running.
RoslynAnalysisRunner has terminated.
Mono: successfully reloaded assembly
- Completed reload, in  1.512 seconds
Platform modules already initialized, skipping
Refreshing native plugins compatible for Editor in 0.62 ms, found 1 plugins.
Preloading 0 native plugins for Editor in 0.00 ms.
Unloading 1806 Unused Serialized files (Serialized files now loaded: 0)
System memory in use before: 88.8 MB.
System memory in use after: 88.8 MB.

Unloading 12 unused Assets to reduce memory usage. Loaded Objects now: 2368.
Total: 4.077700 ms (FindLiveObjects: 0.448200 ms CreateObjectMapping: 0.093600 ms MarkObjects: 3.361500 ms  DeleteObjects: 0.171800 ms)

========================================================================
Received Prepare
Registering precompiled user dll's ...
Registered in 0.001669 seconds.
Begin MonoManager ReloadAssembly
Native extension for WindowsStandalone target not found
Refreshing native plugins compatible for Editor in 1.24 ms, found 1 plugins.
Preloading 0 native plugins for Editor in 0.00 ms.
Invoked RoslynAnalysisRunner static constructor.
RoslynAnalysisRunner will not be running.
RoslynAnalysisRunner has terminated.
Mono: successfully reloaded assembly
- Completed reload, in  1.681 seconds
Platform modules already initialized, skipping
Refreshing native plugins compatible for Editor in 0.39 ms, found 1 plugins.
Preloading 0 native plugins for Editor in 0.00 ms.
Unloading 1806 Unused Serialized files (Serialized files now loaded: 0)
System memory in use before: 88.9 MB.
System memory in use after: 88.9 MB.

Unloading 12 unused Assets to reduce memory usage. Loaded Objects now: 2371.
Total: 2.438100 ms (FindLiveObjects: 0.479300 ms CreateObjectMapping: 0.128600 ms MarkObjects: 1.721100 ms  DeleteObjects: 0.107400 ms)

========================================================================
Received Prepare
Registering precompiled user dll's ...
Registered in 0.002383 seconds.
Begin MonoManager ReloadAssembly
Native extension for WindowsStandalone target not found
Refreshing native plugins compatible for Editor in 0.50 ms, found 1 plugins.
Preloading 0 native plugins for Editor in 0.00 ms.
Invoked RoslynAnalysisRunner static constructor.
RoslynAnalysisRunner will not be running.
RoslynAnalysisRunner has terminated.
Mono: successfully reloaded assembly
- Completed reload, in  1.831 seconds
Platform modules already initialized, skipping
Refreshing native plugins compatible for Editor in 0.46 ms, found 1 plugins.
Preloading 0 native plugins for Editor in 0.00 ms.
Unloading 1806 Unused Serialized files (Serialized files now loaded: 0)
System memory in use before: 89.0 MB.
System memory in use after: 89.0 MB.

Unloading 12 unused Assets to reduce memory usage. Loaded Objects now: 2374.
Total: 3.220600 ms (FindLiveObjects: 0.275200 ms CreateObjectMapping: 0.066800 ms MarkObjects: 2.746300 ms  DeleteObjects: 0.130700 ms)

========================================================================
Received Prepare
Registering precompiled user dll's ...
Registered in 0.002306 seconds.
Begin MonoManager ReloadAssembly
Native extension for WindowsStandalone target not found
Refreshing native plugins compatible for Editor in 0.73 ms, found 1 plugins.
Preloading 0 native plugins for Editor in 0.00 ms.
Invoked RoslynAnalysisRunner static constructor.
RoslynAnalysisRunner will not be running.
RoslynAnalysisRunner has terminated.
Mono: successfully reloaded assembly
- Completed reload, in  2.006 seconds
Platform modules already initialized, skipping
Refreshing native plugins compatible for Editor in 0.42 ms, found 1 plugins.
Preloading 0 native plugins for Editor in 0.00 ms.
Unloading 1806 Unused Serialized files (Serialized files now loaded: 0)
System memory in use before: 89.1 MB.
System memory in use after: 89.1 MB.

Unloading 12 unused Assets to reduce memory usage. Loaded Objects now: 2377.
Total: 2.253400 ms (FindLiveObjects: 0.234200 ms CreateObjectMapping: 0.050300 ms MarkObjects: 1.855300 ms  DeleteObjects: 0.112600 ms)

========================================================================
Received Prepare
Registering precompiled user dll's ...
Registered in 0.001939 seconds.
Begin MonoManager ReloadAssembly
Native extension for WindowsStandalone target not found
Refreshing native plugins compatible for Editor in 0.71 ms, found 1 plugins.
Preloading 0 native plugins for Editor in 0.00 ms.
Invoked RoslynAnalysisRunner static constructor.
RoslynAnalysisRunner will not be running.
RoslynAnalysisRunner has terminated.
Mono: successfully reloaded assembly
- Completed reload, in  1.842 seconds
Platform modules already initialized, skipping
Refreshing native plugins compatible for Editor in 0.51 ms, found 1 plugins.
Preloading 0 native plugins for Editor in 0.00 ms.
Unloading 1806 Unused Serialized files (Serialized files now loaded: 0)
System memory in use before: 89.1 MB.
System memory in use after: 89.1 MB.

Unloading 12 unused Assets to reduce memory usage. Loaded Objects now: 2380.
Total: 3.248900 ms (FindLiveObjects: 0.467800 ms CreateObjectMapping: 0.118900 ms MarkObjects: 2.525500 ms  DeleteObjects: 0.134700 ms)

========================================================================
Received Import Request.
  Time since last request: 914.554024 seconds.
  path: Assets/Resources/Zombie1.asset
  artifactKey: Guid(78cc03a57a3c7e6479f9cfedd98e2cda) Importer(815301076,1909f56bfc062723c751e8b465ee728b)
Start importing Assets/Resources/Zombie1.asset using Guid(78cc03a57a3c7e6479f9cfedd98e2cda) Importer(815301076,1909f56bfc062723c751e8b465ee728b)  -> (artifact id: 'a2d520f0bd67369dca47403221b7553e') in 0.042332 seconds
  Import took 0.050388 seconds .

========================================================================
Received Import Request.
  Time since last request: 3.028823 seconds.
  path: Assets/Resources/Zombie1.asset
  artifactKey: Guid(78cc03a57a3c7e6479f9cfedd98e2cda) Importer(815301076,1909f56bfc062723c751e8b465ee728b)
Start importing Assets/Resources/Zombie1.asset using Guid(78cc03a57a3c7e6479f9cfedd98e2cda) Importer(815301076,1909f56bfc062723c751e8b465ee728b)  -> (artifact id: '99a6d17f0e2a3783b8b3b9a9df0d5c0b') in 0.011874 seconds
  Import took 0.021181 seconds .

========================================================================
Received Import Request.
  Time since last request: 0.002138 seconds.
  path: Assets/Resources/Zombie1.asset
  artifactKey: Guid(78cc03a57a3c7e6479f9cfedd98e2cda) Importer(815301076,1909f56bfc062723c751e8b465ee728b)
Start importing Assets/Resources/Zombie1.asset using Guid(78cc03a57a3c7e6479f9cfedd98e2cda) Importer(815301076,1909f56bfc062723c751e8b465ee728b)  -> (artifact id: '99a6d17f0e2a3783b8b3b9a9df0d5c0b') in 0.007386 seconds
  Import took 0.013577 seconds .

========================================================================
Received Prepare
Registering precompiled user dll's ...
Registered in 0.001093 seconds.
Begin MonoManager ReloadAssembly
Native extension for WindowsStandalone target not found
Refreshing native plugins compatible for Editor in 0.36 ms, found 1 plugins.
Preloading 0 native plugins for Editor in 0.00 ms.
Invoked RoslynAnalysisRunner static constructor.
RoslynAnalysisRunner will not be running.
RoslynAnalysisRunner has terminated.
Mono: successfully reloaded assembly
- Completed reload, in  1.209 seconds
Platform modules already initialized, skipping
Refreshing native plugins compatible for Editor in 0.51 ms, found 1 plugins.
Preloading 0 native plugins for Editor in 0.00 ms.
Unloading 1806 Unused Serialized files (Serialized files now loaded: 0)
System memory in use before: 89.2 MB.
System memory in use after: 89.2 MB.

Unloading 12 unused Assets to reduce memory usage. Loaded Objects now: 2383.
Total: 2.811400 ms (FindLiveObjects: 0.482700 ms CreateObjectMapping: 0.048700 ms MarkObjects: 2.156200 ms  DeleteObjects: 0.121800 ms)

========================================================================
Received Prepare
Registering precompiled user dll's ...
Registered in 0.001911 seconds.
Begin MonoManager ReloadAssembly
Native extension for WindowsStandalone target not found
Refreshing native plugins compatible for Editor in 0.36 ms, found 1 plugins.
Preloading 0 native plugins for Editor in 0.00 ms.
Invoked RoslynAnalysisRunner static constructor.
RoslynAnalysisRunner will not be running.
RoslynAnalysisRunner has terminated.
Mono: successfully reloaded assembly
- Completed reload, in  1.267 seconds
Platform modules already initialized, skipping
Refreshing native plugins compatible for Editor in 0.36 ms, found 1 plugins.
Preloading 0 native plugins for Editor in 0.00 ms.
Unloading 1806 Unused Serialized files (Serialized files now loaded: 0)
System memory in use before: 89.3 MB.
System memory in use after: 89.3 MB.

Unloading 12 unused Assets to reduce memory usage. Loaded Objects now: 2386.
Total: 5.842100 ms (FindLiveObjects: 1.768100 ms CreateObjectMapping: 0.256100 ms MarkObjects: 3.662200 ms  DeleteObjects: 0.152300 ms)

========================================================================
Received Prepare
Registering precompiled user dll's ...
Registered in 0.001350 seconds.
Begin MonoManager ReloadAssembly
Native extension for WindowsStandalone target not found
Refreshing native plugins compatible for Editor in 0.53 ms, found 1 plugins.
Preloading 0 native plugins for Editor in 0.00 ms.
Invoked RoslynAnalysisRunner static constructor.
RoslynAnalysisRunner will not be running.
RoslynAnalysisRunner has terminated.
Mono: successfully reloaded assembly
- Completed reload, in  1.851 seconds
Platform modules already initialized, skipping
Refreshing native plugins compatible for Editor in 0.64 ms, found 1 plugins.
Preloading 0 native plugins for Editor in 0.00 ms.
Unloading 1806 Unused Serialized files (Serialized files now loaded: 0)
System memory in use before: 89.3 MB.
System memory in use after: 89.3 MB.

Unloading 12 unused Assets to reduce memory usage. Loaded Objects now: 2389.
Total: 4.891600 ms (FindLiveObjects: 0.668300 ms CreateObjectMapping: 0.092800 ms MarkObjects: 3.689800 ms  DeleteObjects: 0.437500 ms)

========================================================================
Received Import Request.
  Time since last request: 397.488425 seconds.
  path: Assets/Resources/Zombie1.asset
  artifactKey: Guid(78cc03a57a3c7e6479f9cfedd98e2cda) Importer(815301076,1909f56bfc062723c751e8b465ee728b)
Start importing Assets/Resources/Zombie1.asset using Guid(78cc03a57a3c7e6479f9cfedd98e2cda) Importer(815301076,1909f56bfc062723c751e8b465ee728b)  -> (artifact id: '21b08d5a22470e2246b33961e0d22c36') in 0.019977 seconds
  Import took 0.025952 seconds .

========================================================================
Received Prepare
Registering precompiled user dll's ...
Registered in 0.003472 seconds.
Begin MonoManager ReloadAssembly
Native extension for WindowsStandalone target not found
Refreshing native plugins compatible for Editor in 0.54 ms, found 1 plugins.
Preloading 0 native plugins for Editor in 0.00 ms.
Invoked RoslynAnalysisRunner static constructor.
RoslynAnalysisRunner will not be running.
RoslynAnalysisRunner has terminated.
Mono: successfully reloaded assembly
- Completed reload, in  1.914 seconds
Platform modules already initialized, skipping
Refreshing native plugins compatible for Editor in 0.59 ms, found 1 plugins.
Preloading 0 native plugins for Editor in 0.00 ms.
Unloading 1806 Unused Serialized files (Serialized files now loaded: 0)
System memory in use before: 89.4 MB.
System memory in use after: 89.4 MB.

Unloading 12 unused Assets to reduce memory usage. Loaded Objects now: 2392.
Total: 4.522600 ms (FindLiveObjects: 0.423300 ms CreateObjectMapping: 0.123800 ms MarkObjects: 3.780800 ms  DeleteObjects: 0.192500 ms)

========================================================================
Received Prepare
Registering precompiled user dll's ...
Registered in 0.002482 seconds.
Begin MonoManager ReloadAssembly
Native extension for WindowsStandalone target not found
Refreshing native plugins compatible for Editor in 0.46 ms, found 1 plugins.
Preloading 0 native plugins for Editor in 0.00 ms.
Invoked RoslynAnalysisRunner static constructor.
RoslynAnalysisRunner will not be running.
RoslynAnalysisRunner has terminated.
Mono: successfully reloaded assembly
- Completed reload, in  2.352 seconds
Platform modules already initialized, skipping
Refreshing native plugins compatible for Editor in 0.66 ms, found 1 plugins.
Preloading 0 native plugins for Editor in 0.00 ms.
Unloading 1806 Unused Serialized files (Serialized files now loaded: 0)
System memory in use before: 89.5 MB.
System memory in use after: 89.5 MB.

Unloading 12 unused Assets to reduce memory usage. Loaded Objects now: 2395.
Total: 4.306200 ms (FindLiveObjects: 0.371100 ms CreateObjectMapping: 0.111900 ms MarkObjects: 3.620300 ms  DeleteObjects: 0.200700 ms)

========================================================================
Received Import Request.
  Time since last request: 2521.686997 seconds.
  path: Assets/Resources/Player.asset
  artifactKey: Guid(7043ea6a78eb0f84da94063a6ce625df) Importer(815301076,1909f56bfc062723c751e8b465ee728b)
Start importing Assets/Resources/Player.asset using Guid(7043ea6a78eb0f84da94063a6ce625df) Importer(815301076,1909f56bfc062723c751e8b465ee728b)  -> (artifact id: '7803a9cf9b25d1f1b5324d268ccb8d36') in 0.044762 seconds
  Import took 0.054303 seconds .

========================================================================
Received Prepare
Registering precompiled user dll's ...
Registered in 0.002243 seconds.
Begin MonoManager ReloadAssembly
Native extension for WindowsStandalone target not found
Refreshing native plugins compatible for Editor in 0.54 ms, found 1 plugins.
Preloading 0 native plugins for Editor in 0.00 ms.
Invoked RoslynAnalysisRunner static constructor.
RoslynAnalysisRunner will not be running.
RoslynAnalysisRunner has terminated.
Mono: successfully reloaded assembly
- Completed reload, in  2.272 seconds
Platform modules already initialized, skipping
Refreshing native plugins compatible for Editor in 0.71 ms, found 1 plugins.
Preloading 0 native plugins for Editor in 0.00 ms.
Unloading 1806 Unused Serialized files (Serialized files now loaded: 0)
System memory in use before: 89.6 MB.
System memory in use after: 89.6 MB.

Unloading 12 unused Assets to reduce memory usage. Loaded Objects now: 2398.
Total: 4.867400 ms (FindLiveObjects: 0.435200 ms CreateObjectMapping: 0.146600 ms MarkObjects: 4.072400 ms  DeleteObjects: 0.209800 ms)

